# JRE version: OpenJDK Runtime Environment (8.0_242-b01) (build 1.8.0_242-release-1644-b01)
# Java VM: OpenJDK 64-Bit Server VM (25.242-b01 mixed mode windows-amd64 compressed oops)
Heap:
 PSYoungGen      total 84480K, used 18769K [0x00000000d6200000, 0x00000000ddd80000, 0x0000000100000000)
  eden space 68096K, 27% used [0x00000000d6200000,0x00000000d74544e8,0x00000000da480000)
  from space 16384K, 0% used [0x00000000dcd80000,0x00000000dcd80000,0x00000000ddd80000)
  to   space 14848K, 0% used [0x00000000da480000,0x00000000da480000,0x00000000db300000)
 ParOldGen       total 67072K, used 31080K [0x0000000082600000, 0x0000000086780000, 0x00000000d6200000)
  object space 67072K, 46% used [0x0000000082600000,0x000000008445a350,0x0000000086780000)
 Metaspace       used 44860K, capacity 45574K, committed 45872K, reserved 1099776K
  class space    used 5641K, capacity 5830K, committed 5936K, reserved 1048576K
GC Heap History (10 events):
Event: 1.826 GC heap before
{Heap before GC invocations=7 (full 1):
 PSYoungGen      total 70656K, used 18104K [0x00000000d6200000, 0x00000000dc200000, 0x0000000100000000)
  eden space 65536K, 19% used [0x00000000d6200000,0x00000000d6eb5630,0x00000000da200000)
  from space 5120K, 99% used [0x00000000da200000,0x00000000da6f8c80,0x00000000da700000)
  to   space 15360K, 0% used [0x00000000db300000,0x00000000db300000,0x00000000dc200000)
 ParOldGen       total 67072K, used 22399K [0x0000000082600000, 0x0000000086780000, 0x00000000d6200000)
  object space 67072K, 33% used [0x0000000082600000,0x0000000083bdfec0,0x0000000086780000)
 Metaspace       used 34873K, capacity 35394K, committed 35496K, reserved 1081344K
  class space    used 4505K, capacity 4655K, committed 4656K, reserved 1048576K
Event: 1.831 GC heap after
Heap after GC invocations=7 (full 1):
 PSYoungGen      total 83456K, used 8510K [0x00000000d6200000, 0x00000000dde00000, 0x0000000100000000)
  eden space 68096K, 0% used [0x00000000d6200000,0x00000000d6200000,0x00000000da480000)
  from space 15360K, 55% used [0x00000000db300000,0x00000000dbb4f9a8,0x00000000dc200000)
  to   space 14848K, 0% used [0x00000000da480000,0x00000000da480000,0x00000000db300000)
 ParOldGen       total 67072K, used 22407K [0x0000000082600000, 0x0000000086780000, 0x00000000d6200000)
  object space 67072K, 33% used [0x0000000082600000,0x0000000083be1ec0,0x0000000086780000)
 Metaspace       used 34873K, capacity 35394K, committed 35496K, reserved 1081344K
  class space    used 4505K, capacity 4655K, committed 4656K, reserved 1048576K
}
Event: 1.831 GC heap before
{Heap before GC invocations=8 (full 2):
 PSYoungGen      total 83456K, used 8510K [0x00000000d6200000, 0x00000000dde00000, 0x0000000100000000)
  eden space 68096K, 0% used [0x00000000d6200000,0x00000000d6200000,0x00000000da480000)
  from space 15360K, 55% used [0x00000000db300000,0x00000000dbb4f9a8,0x00000000dc200000)
  to   space 14848K, 0% used [0x00000000da480000,0x00000000da480000,0x00000000db300000)
 ParOldGen       total 67072K, used 22407K [0x0000000082600000, 0x0000000086780000, 0x00000000d6200000)
  object space 67072K, 33% used [0x0000000082600000,0x0000000083be1ec0,0x0000000086780000)
 Metaspace       used 34873K, capacity 35394K, committed 35496K, reserved 1081344K
  class space    used 4505K, capacity 4655K, committed 4656K, reserved 1048576K
Event: 1.869 GC heap after
Heap after GC invocations=8 (full 2):
 PSYoungGen      total 83456K, used 0K [0x00000000d6200000, 0x00000000dde00000, 0x0000000100000000)
  eden space 68096K, 0% used [0x00000000d6200000,0x00000000d6200000,0x00000000da480000)
  from space 15360K, 0% used [0x00000000db300000,0x00000000db300000,0x00000000dc200000)
  to   space 14848K, 0% used [0x00000000da480000,0x00000000da480000,0x00000000db300000)
 ParOldGen       total 67072K, used 16893K [0x0000000082600000, 0x0000000086780000, 0x00000000d6200000)
  object space 67072K, 25% used [0x0000000082600000,0x000000008367f750,0x0000000086780000)
 Metaspace       used 34873K, capacity 35394K, committed 35496K, reserved 1081344K
  class space    used 4505K, capacity 4655K, committed 4656K, reserved 1048576K
}
Event: 2.536 GC heap before
{Heap before GC invocations=9 (full 2):
 PSYoungGen      total 83456K, used 68096K [0x00000000d6200000, 0x00000000dde00000, 0x0000000100000000)
  eden space 68096K, 100% used [0x00000000d6200000,0x00000000da480000,0x00000000da480000)
  from space 15360K, 0% used [0x00000000db300000,0x00000000db300000,0x00000000dc200000)
  to   space 14848K, 0% used [0x00000000da480000,0x00000000da480000,0x00000000db300000)
 ParOldGen       total 67072K, used 16893K [0x0000000082600000, 0x0000000086780000, 0x00000000d6200000)
  object space 67072K, 25% used [0x0000000082600000,0x000000008367f750,0x0000000086780000)
 Metaspace       used 39923K, capacity 40479K, committed 40752K, reserved 1085440K
  class space    used 4970K, capacity 5127K, committed 5168K, reserved 1048576K
Event: 2.547 GC heap after
Heap after GC invocations=9 (full 2):
 PSYoungGen      total 82944K, used 14296K [0x00000000d6200000, 0x00000000ddd80000, 0x0000000100000000)
  eden space 68096K, 0% used [0x00000000d6200000,0x00000000d6200000,0x00000000da480000)
  from space 14848K, 96% used [0x00000000da480000,0x00000000db276340,0x00000000db300000)
  to   space 16384K, 0% used [0x00000000dcd80000,0x00000000dcd80000,0x00000000ddd80000)
 ParOldGen       total 67072K, used 16901K [0x0000000082600000, 0x0000000086780000, 0x00000000d6200000)
  object space 67072K, 25% used [0x0000000082600000,0x0000000083681750,0x0000000086780000)
 Metaspace       used 39923K, capacity 40479K, committed 40752K, reserved 1085440K
  class space    used 4970K, capacity 5127K, committed 5168K, reserved 1048576K
}
Event: 2.935 GC heap before
{Heap before GC invocations=10 (full 2):
 PSYoungGen      total 82944K, used 60307K [0x00000000d6200000, 0x00000000ddd80000, 0x0000000100000000)
  eden space 68096K, 67% used [0x00000000d6200000,0x00000000d8eee9a0,0x00000000da480000)
  from space 14848K, 96% used [0x00000000da480000,0x00000000db276340,0x00000000db300000)
  to   space 16384K, 0% used [0x00000000dcd80000,0x00000000dcd80000,0x00000000ddd80000)
 ParOldGen       total 67072K, used 16901K [0x0000000082600000, 0x0000000086780000, 0x00000000d6200000)
  object space 67072K, 25% used [0x0000000082600000,0x0000000083681750,0x0000000086780000)
 Metaspace       used 43724K, capacity 44380K, committed 44592K, reserved 1099776K
  class space    used 5499K, capacity 5667K, committed 5680K, reserved 1048576K
Event: 2.944 GC heap after
Heap after GC invocations=10 (full 2):
 PSYoungGen      total 84480K, used 16383K [0x00000000d6200000, 0x00000000ddd80000, 0x0000000100000000)
  eden space 68096K, 0% used [0x00000000d6200000,0x00000000d6200000,0x00000000da480000)
  from space 16384K, 99% used [0x00000000dcd80000,0x00000000ddd7fd70,0x00000000ddd80000)
  to   space 14848K, 0% used [0x00000000da480000,0x00000000da480000,0x00000000db300000)
 ParOldGen       total 67072K, used 17820K [0x0000000082600000, 0x0000000086780000, 0x00000000d6200000)
  object space 67072K, 26% used [0x0000000082600000,0x00000000837671f8,0x0000000086780000)
 Metaspace       used 43724K, capacity 44380K, committed 44592K, reserved 1099776K
  class space    used 5499K, capacity 5667K, committed 5680K, reserved 1048576K
}
Event: 2.944 GC heap before
{Heap before GC invocations=11 (full 3):
 PSYoungGen      total 84480K, used 16383K [0x00000000d6200000, 0x00000000ddd80000, 0x0000000100000000)
  eden space 68096K, 0% used [0x00000000d6200000,0x00000000d6200000,0x00000000da480000)
  from space 16384K, 99% used [0x00000000dcd80000,0x00000000ddd7fd70,0x00000000ddd80000)
  to   space 14848K, 0% used [0x00000000da480000,0x00000000da480000,0x00000000db300000)
 ParOldGen       total 67072K, used 17820K [0x0000000082600000, 0x0000000086780000, 0x00000000d6200000)
  object space 67072K, 26% used [0x0000000082600000,0x00000000837671f8,0x0000000086780000)
 Metaspace       used 43724K, capacity 44380K, committed 44592K, reserved 1099776K
  class space    used 5499K, capacity 5667K, committed 5680K, reserved 1048576K
Event: 3.074 GC heap after
Heap after GC invocations=11 (full 3):
 PSYoungGen      total 84480K, used 0K [0x00000000d6200000, 0x00000000ddd80000, 0x0000000100000000)
  eden space 68096K, 0% used [0x00000000d6200000,0x00000000d6200000,0x00000000da480000)
  from space 16384K, 0% used [0x00000000dcd80000,0x00000000dcd80000,0x00000000ddd80000)
  to   space 14848K, 0% used [0x00000000da480000,0x00000000da480000,0x00000000db300000)
 ParOldGen       total 67072K, used 31080K [0x0000000082600000, 0x0000000086780000, 0x00000000d6200000)
  object space 67072K, 46% used [0x0000000082600000,0x000000008445a350,0x0000000086780000)
 Metaspace       used 43724K, capacity 44380K, committed 44592K, reserved 1097728K
  class space    used 5499K, capacity 5667K, committed 5680K, reserved 1048576K
}

