# JRE version: OpenJDK Runtime Environment (8.0_242-b01) (build 1.8.0_242-release-1644-b01)
# Java VM: OpenJDK 64-Bit Server VM (25.242-b01 mixed mode windows-amd64 compressed oops)
Heap:
 PSYoungGen      total 223232K, used 13954K [0x00000000d5580000, 0x00000000e5800000, 0x0000000100000000)
  eden space 203776K, 6% used [0x00000000d5580000,0x00000000d6320bd8,0x00000000e1c80000)
  from space 19456K, 0% used [0x00000000e1c80000,0x00000000e1c80000,0x00000000e2f80000)
  to   space 18432K, 0% used [0x00000000e2f80000,0x00000000e2f80000,0x00000000e4180000)
 ParOldGen       total 113664K, used 35581K [0x0000000080000000, 0x0000000086f00000, 0x00000000d5580000)
  object space 113664K, 31% used [0x0000000080000000,0x00000000822bf500,0x0000000086f00000)
 Metaspace       used 61648K, capacity 64084K, committed 64280K, reserved 1105920K
  class space    used 8474K, capacity 8985K, committed 9008K, reserved 1048576K
GC Heap History (10 events):
Event: 10.076 GC heap before
{Heap before GC invocations=13 (full 2):
 PSYoungGen      total 171008K, used 170657K [0x00000000d5580000, 0x00000000e1b00000, 0x0000000100000000)
  eden space 162816K, 100% used [0x00000000d5580000,0x00000000df480000,0x00000000df480000)
  from space 8192K, 95% used [0x00000000e1300000,0x00000000e1aa8400,0x00000000e1b00000)
  to   space 12800K, 0% used [0x00000000e0200000,0x00000000e0200000,0x00000000e0e80000)
 ParOldGen       total 76288K, used 17778K [0x0000000080000000, 0x0000000084a80000, 0x00000000d5580000)
  object space 76288K, 23% used [0x0000000080000000,0x000000008115c990,0x0000000084a80000)
 Metaspace       used 52559K, capacity 54650K, committed 54824K, reserved 1097728K
  class space    used 6990K, capacity 7453K, committed 7472K, reserved 1048576K
Event: 10.102 GC heap after
Heap after GC invocations=13 (full 2):
 PSYoungGen      total 189440K, used 12796K [0x00000000d5580000, 0x00000000e4180000, 0x0000000100000000)
  eden space 176640K, 0% used [0x00000000d5580000,0x00000000d5580000,0x00000000e0200000)
  from space 12800K, 99% used [0x00000000e0200000,0x00000000e0e7f320,0x00000000e0e80000)
  to   space 18432K, 0% used [0x00000000e2f80000,0x00000000e2f80000,0x00000000e4180000)
 ParOldGen       total 76288K, used 28933K [0x0000000080000000, 0x0000000084a80000, 0x00000000d5580000)
  object space 76288K, 37% used [0x0000000080000000,0x0000000081c414b8,0x0000000084a80000)
 Metaspace       used 52559K, capacity 54650K, committed 54824K, reserved 1097728K
  class space    used 6990K, capacity 7453K, committed 7472K, reserved 1048576K
}
Event: 10.746 GC heap before
{Heap before GC invocations=14 (full 2):
 PSYoungGen      total 189440K, used 56756K [0x00000000d5580000, 0x00000000e4180000, 0x0000000100000000)
  eden space 176640K, 24% used [0x00000000d5580000,0x00000000d806dd10,0x00000000e0200000)
  from space 12800K, 99% used [0x00000000e0200000,0x00000000e0e7f320,0x00000000e0e80000)
  to   space 18432K, 0% used [0x00000000e2f80000,0x00000000e2f80000,0x00000000e4180000)
 ParOldGen       total 76288K, used 28933K [0x0000000080000000, 0x0000000084a80000, 0x00000000d5580000)
  object space 76288K, 37% used [0x0000000080000000,0x0000000081c414b8,0x0000000084a80000)
 Metaspace       used 56802K, capacity 59016K, committed 59160K, reserved 1099776K
  class space    used 7695K, capacity 8153K, committed 8240K, reserved 1048576K
Event: 10.774 GC heap after
Heap after GC invocations=14 (full 2):
 PSYoungGen      total 222208K, used 14279K [0x00000000d5580000, 0x00000000e5800000, 0x0000000100000000)
  eden space 203776K, 0% used [0x00000000d5580000,0x00000000d5580000,0x00000000e1c80000)
  from space 18432K, 77% used [0x00000000e2f80000,0x00000000e3d71df0,0x00000000e4180000)
  to   space 19456K, 0% used [0x00000000e1c80000,0x00000000e1c80000,0x00000000e2f80000)
 ParOldGen       total 76288K, used 32843K [0x0000000080000000, 0x0000000084a80000, 0x00000000d5580000)
  object space 76288K, 43% used [0x0000000080000000,0x0000000082012db8,0x0000000084a80000)
 Metaspace       used 56802K, capacity 59016K, committed 59160K, reserved 1099776K
  class space    used 7695K, capacity 8153K, committed 8240K, reserved 1048576K
}
Event: 10.774 GC heap before
{Heap before GC invocations=15 (full 3):
 PSYoungGen      total 222208K, used 14279K [0x00000000d5580000, 0x00000000e5800000, 0x0000000100000000)
  eden space 203776K, 0% used [0x00000000d5580000,0x00000000d5580000,0x00000000e1c80000)
  from space 18432K, 77% used [0x00000000e2f80000,0x00000000e3d71df0,0x00000000e4180000)
  to   space 19456K, 0% used [0x00000000e1c80000,0x00000000e1c80000,0x00000000e2f80000)
 ParOldGen       total 76288K, used 32843K [0x0000000080000000, 0x0000000084a80000, 0x00000000d5580000)
  object space 76288K, 43% used [0x0000000080000000,0x0000000082012db8,0x0000000084a80000)
 Metaspace       used 56802K, capacity 59016K, committed 59160K, reserved 1099776K
  class space    used 7695K, capacity 8153K, committed 8240K, reserved 1048576K
Event: 11.010 GC heap after
Heap after GC invocations=15 (full 3):
 PSYoungGen      total 222208K, used 0K [0x00000000d5580000, 0x00000000e5800000, 0x0000000100000000)
  eden space 203776K, 0% used [0x00000000d5580000,0x00000000d5580000,0x00000000e1c80000)
  from space 18432K, 0% used [0x00000000e2f80000,0x00000000e2f80000,0x00000000e4180000)
  to   space 19456K, 0% used [0x00000000e1c80000,0x00000000e1c80000,0x00000000e2f80000)
 ParOldGen       total 113664K, used 32300K [0x0000000080000000, 0x0000000086f00000, 0x00000000d5580000)
  object space 113664K, 28% used [0x0000000080000000,0x0000000081f8b228,0x0000000086f00000)
 Metaspace       used 56786K, capacity 58962K, committed 59160K, reserved 1099776K
  class space    used 7690K, capacity 8144K, committed 8240K, reserved 1048576K
}
Event: 11.815 GC heap before
{Heap before GC invocations=16 (full 3):
 PSYoungGen      total 222208K, used 65920K [0x00000000d5580000, 0x00000000e5800000, 0x0000000100000000)
  eden space 203776K, 32% used [0x00000000d5580000,0x00000000d95e0168,0x00000000e1c80000)
  from space 18432K, 0% used [0x00000000e2f80000,0x00000000e2f80000,0x00000000e4180000)
  to   space 19456K, 0% used [0x00000000e1c80000,0x00000000e1c80000,0x00000000e2f80000)
 ParOldGen       total 113664K, used 32300K [0x0000000080000000, 0x0000000086f00000, 0x00000000d5580000)
  object space 113664K, 28% used [0x0000000080000000,0x0000000081f8b228,0x0000000086f00000)
 Metaspace       used 60606K, capacity 62996K, committed 63128K, reserved 1107968K
  class space    used 8304K, capacity 8793K, committed 8880K, reserved 1048576K
Event: 11.842 GC heap after
Heap after GC invocations=16 (full 3):
 PSYoungGen      total 223232K, used 6993K [0x00000000d5580000, 0x00000000e5800000, 0x0000000100000000)
  eden space 203776K, 0% used [0x00000000d5580000,0x00000000d5580000,0x00000000e1c80000)
  from space 19456K, 35% used [0x00000000e1c80000,0x00000000e2354570,0x00000000e2f80000)
  to   space 18432K, 0% used [0x00000000e2f80000,0x00000000e2f80000,0x00000000e4180000)
 ParOldGen       total 113664K, used 32308K [0x0000000080000000, 0x0000000086f00000, 0x00000000d5580000)
  object space 113664K, 28% used [0x0000000080000000,0x0000000081f8d228,0x0000000086f00000)
 Metaspace       used 60606K, capacity 62996K, committed 63128K, reserved 1107968K
  class space    used 8304K, capacity 8793K, committed 8880K, reserved 1048576K
}
Event: 11.843 GC heap before
{Heap before GC invocations=17 (full 4):
 PSYoungGen      total 223232K, used 6993K [0x00000000d5580000, 0x00000000e5800000, 0x0000000100000000)
  eden space 203776K, 0% used [0x00000000d5580000,0x00000000d5580000,0x00000000e1c80000)
  from space 19456K, 35% used [0x00000000e1c80000,0x00000000e2354570,0x00000000e2f80000)
  to   space 18432K, 0% used [0x00000000e2f80000,0x00000000e2f80000,0x00000000e4180000)
 ParOldGen       total 113664K, used 32308K [0x0000000080000000, 0x0000000086f00000, 0x00000000d5580000)
  object space 113664K, 28% used [0x0000000080000000,0x0000000081f8d228,0x0000000086f00000)
 Metaspace       used 60606K, capacity 62996K, committed 63128K, reserved 1107968K
  class space    used 8304K, capacity 8793K, committed 8880K, reserved 1048576K
Event: 11.960 GC heap after
Heap after GC invocations=17 (full 4):
 PSYoungGen      total 223232K, used 0K [0x00000000d5580000, 0x00000000e5800000, 0x0000000100000000)
  eden space 203776K, 0% used [0x00000000d5580000,0x00000000d5580000,0x00000000e1c80000)
  from space 19456K, 0% used [0x00000000e1c80000,0x00000000e1c80000,0x00000000e2f80000)
  to   space 18432K, 0% used [0x00000000e2f80000,0x00000000e2f80000,0x00000000e4180000)
 ParOldGen       total 113664K, used 35581K [0x0000000080000000, 0x0000000086f00000, 0x00000000d5580000)
  object space 113664K, 31% used [0x0000000080000000,0x00000000822bf500,0x0000000086f00000)
 Metaspace       used 60606K, capacity 62996K, committed 63128K, reserved 1105920K
  class space    used 8304K, capacity 8793K, committed 8880K, reserved 1048576K
}

