# JRE version: OpenJDK Runtime Environment (8.0_242-b01) (build 1.8.0_242-release-1644-b01)
# Java VM: OpenJDK 64-Bit Server VM (25.242-b01 mixed mode windows-amd64 compressed oops)
Heap:
 PSYoungGen      total 136192K, used 42117K [0x00000000d6200000, 0x00000000e0600000, 0x0000000100000000)
  eden space 131072K, 32% used [0x00000000d6200000,0x00000000d8b217d0,0x00000000de200000)
  from space 5120K, 0% used [0x00000000de200000,0x00000000de200000,0x00000000de700000)
  to   space 15360K, 0% used [0x00000000df700000,0x00000000df700000,0x00000000e0600000)
 ParOldGen       total 65536K, used 18716K [0x0000000082600000, 0x0000000086600000, 0x00000000d6200000)
  object space 65536K, 28% used [0x0000000082600000,0x0000000083847018,0x0000000086600000)
 Metaspace       used 37399K, capacity 37910K, committed 38320K, reserved 1083392K
  class space    used 4760K, capacity 4916K, committed 5040K, reserved 1048576K
GC Heap History (10 events):
Event: 1.263 GC heap before
{Heap before GC invocations=3 (full 0):
 PSYoungGen      total 70656K, used 25209K [0x00000000d6200000, 0x00000000dac00000, 0x0000000100000000)
  eden space 65536K, 30% used [0x00000000d6200000,0x00000000d759e650,0x00000000da200000)
  from space 5120K, 100% used [0x00000000da700000,0x00000000dac00000,0x00000000dac00000)
  to   space 5120K, 0% used [0x00000000da200000,0x00000000da200000,0x00000000da700000)
 ParOldGen       total 86016K, used 7480K [0x0000000082600000, 0x0000000087a00000, 0x00000000d6200000)
  object space 86016K, 8% used [0x0000000082600000,0x0000000082d4e2a8,0x0000000087a00000)
 Metaspace       used 20780K, capacity 21188K, committed 21296K, reserved 1069056K
  class space    used 2455K, capacity 2594K, committed 2608K, reserved 1048576K
Event: 1.271 GC heap after
Heap after GC invocations=3 (full 0):
 PSYoungGen      total 70656K, used 5104K [0x00000000d6200000, 0x00000000dec00000, 0x0000000100000000)
  eden space 65536K, 0% used [0x00000000d6200000,0x00000000d6200000,0x00000000da200000)
  from space 5120K, 99% used [0x00000000da200000,0x00000000da6fc040,0x00000000da700000)
  to   space 5120K, 0% used [0x00000000de700000,0x00000000de700000,0x00000000dec00000)
 ParOldGen       total 86016K, used 11689K [0x0000000082600000, 0x0000000087a00000, 0x00000000d6200000)
  object space 86016K, 13% used [0x0000000082600000,0x000000008316a490,0x0000000087a00000)
 Metaspace       used 20780K, capacity 21188K, committed 21296K, reserved 1069056K
  class space    used 2455K, capacity 2594K, committed 2608K, reserved 1048576K
}
Event: 1.271 GC heap before
{Heap before GC invocations=4 (full 1):
 PSYoungGen      total 70656K, used 5104K [0x00000000d6200000, 0x00000000dec00000, 0x0000000100000000)
  eden space 65536K, 0% used [0x00000000d6200000,0x00000000d6200000,0x00000000da200000)
  from space 5120K, 99% used [0x00000000da200000,0x00000000da6fc040,0x00000000da700000)
  to   space 5120K, 0% used [0x00000000de700000,0x00000000de700000,0x00000000dec00000)
 ParOldGen       total 86016K, used 11689K [0x0000000082600000, 0x0000000087a00000, 0x00000000d6200000)
  object space 86016K, 13% used [0x0000000082600000,0x000000008316a490,0x0000000087a00000)
 Metaspace       used 20780K, capacity 21188K, committed 21296K, reserved 1069056K
  class space    used 2455K, capacity 2594K, committed 2608K, reserved 1048576K
Event: 1.301 GC heap after
Heap after GC invocations=4 (full 1):
 PSYoungGen      total 70656K, used 0K [0x00000000d6200000, 0x00000000dec00000, 0x0000000100000000)
  eden space 65536K, 0% used [0x00000000d6200000,0x00000000d6200000,0x00000000da200000)
  from space 5120K, 0% used [0x00000000da200000,0x00000000da200000,0x00000000da700000)
  to   space 5120K, 0% used [0x00000000de700000,0x00000000de700000,0x00000000dec00000)
 ParOldGen       total 65536K, used 9170K [0x0000000082600000, 0x0000000086600000, 0x00000000d6200000)
  object space 65536K, 13% used [0x0000000082600000,0x0000000082ef48f8,0x0000000086600000)
 Metaspace       used 20780K, capacity 21188K, committed 21296K, reserved 1069056K
  class space    used 2455K, capacity 2594K, committed 2608K, reserved 1048576K
}
Event: 2.158 GC heap before
{Heap before GC invocations=5 (full 1):
 PSYoungGen      total 70656K, used 65536K [0x00000000d6200000, 0x00000000dec00000, 0x0000000100000000)
  eden space 65536K, 100% used [0x00000000d6200000,0x00000000da200000,0x00000000da200000)
  from space 5120K, 0% used [0x00000000da200000,0x00000000da200000,0x00000000da700000)
  to   space 5120K, 0% used [0x00000000de700000,0x00000000de700000,0x00000000dec00000)
 ParOldGen       total 65536K, used 9170K [0x0000000082600000, 0x0000000086600000, 0x00000000d6200000)
  object space 65536K, 13% used [0x0000000082600000,0x0000000082ef48f8,0x0000000086600000)
 Metaspace       used 29867K, capacity 30337K, committed 30512K, reserved 1075200K
  class space    used 3710K, capacity 3860K, committed 3888K, reserved 1048576K
Event: 2.169 GC heap after
Heap after GC invocations=5 (full 1):
 PSYoungGen      total 99840K, used 5090K [0x00000000d6200000, 0x00000000dec00000, 0x0000000100000000)
  eden space 94720K, 0% used [0x00000000d6200000,0x00000000d6200000,0x00000000dbe80000)
  from space 5120K, 99% used [0x00000000de700000,0x00000000debf8880,0x00000000dec00000)
  to   space 5120K, 0% used [0x00000000de200000,0x00000000de200000,0x00000000de700000)
 ParOldGen       total 65536K, used 20403K [0x0000000082600000, 0x0000000086600000, 0x00000000d6200000)
  object space 65536K, 31% used [0x0000000082600000,0x00000000839ecd50,0x0000000086600000)
 Metaspace       used 29867K, capacity 30337K, committed 30512K, reserved 1075200K
  class space    used 3710K, capacity 3860K, committed 3888K, reserved 1048576K
}
Event: 2.513 GC heap before
{Heap before GC invocations=6 (full 1):
 PSYoungGen      total 99840K, used 31774K [0x00000000d6200000, 0x00000000dec00000, 0x0000000100000000)
  eden space 94720K, 28% used [0x00000000d6200000,0x00000000d7c0f2d8,0x00000000dbe80000)
  from space 5120K, 99% used [0x00000000de700000,0x00000000debf8880,0x00000000dec00000)
  to   space 5120K, 0% used [0x00000000de200000,0x00000000de200000,0x00000000de700000)
 ParOldGen       total 65536K, used 20403K [0x0000000082600000, 0x0000000086600000, 0x00000000d6200000)
  object space 65536K, 31% used [0x0000000082600000,0x00000000839ecd50,0x0000000086600000)
 Metaspace       used 34785K, capacity 35291K, committed 35496K, reserved 1081344K
  class space    used 4484K, capacity 4621K, committed 4656K, reserved 1048576K
Event: 2.520 GC heap after
Heap after GC invocations=6 (full 1):
 PSYoungGen      total 136192K, used 5100K [0x00000000d6200000, 0x00000000e0600000, 0x0000000100000000)
  eden space 131072K, 0% used [0x00000000d6200000,0x00000000d6200000,0x00000000de200000)
  from space 5120K, 99% used [0x00000000de200000,0x00000000de6fb130,0x00000000de700000)
  to   space 15360K, 0% used [0x00000000df700000,0x00000000df700000,0x00000000e0600000)
 ParOldGen       total 65536K, used 26425K [0x0000000082600000, 0x0000000086600000, 0x00000000d6200000)
  object space 65536K, 40% used [0x0000000082600000,0x0000000083fce5a0,0x0000000086600000)
 Metaspace       used 34785K, capacity 35291K, committed 35496K, reserved 1081344K
  class space    used 4484K, capacity 4621K, committed 4656K, reserved 1048576K
}
Event: 2.520 GC heap before
{Heap before GC invocations=7 (full 2):
 PSYoungGen      total 136192K, used 5100K [0x00000000d6200000, 0x00000000e0600000, 0x0000000100000000)
  eden space 131072K, 0% used [0x00000000d6200000,0x00000000d6200000,0x00000000de200000)
  from space 5120K, 99% used [0x00000000de200000,0x00000000de6fb130,0x00000000de700000)
  to   space 15360K, 0% used [0x00000000df700000,0x00000000df700000,0x00000000e0600000)
 ParOldGen       total 65536K, used 26425K [0x0000000082600000, 0x0000000086600000, 0x00000000d6200000)
  object space 65536K, 40% used [0x0000000082600000,0x0000000083fce5a0,0x0000000086600000)
 Metaspace       used 34785K, capacity 35291K, committed 35496K, reserved 1081344K
  class space    used 4484K, capacity 4621K, committed 4656K, reserved 1048576K
Event: 2.571 GC heap after
Heap after GC invocations=7 (full 2):
 PSYoungGen      total 136192K, used 0K [0x00000000d6200000, 0x00000000e0600000, 0x0000000100000000)
  eden space 131072K, 0% used [0x00000000d6200000,0x00000000d6200000,0x00000000de200000)
  from space 5120K, 0% used [0x00000000de200000,0x00000000de200000,0x00000000de700000)
  to   space 15360K, 0% used [0x00000000df700000,0x00000000df700000,0x00000000e0600000)
 ParOldGen       total 65536K, used 18716K [0x0000000082600000, 0x0000000086600000, 0x00000000d6200000)
  object space 65536K, 28% used [0x0000000082600000,0x0000000083847018,0x0000000086600000)
 Metaspace       used 34785K, capacity 35291K, committed 35496K, reserved 1081344K
  class space    used 4484K, capacity 4621K, committed 4656K, reserved 1048576K
}

