# JRE version: OpenJDK Runtime Environment (8.0_242-b01) (build 1.8.0_242-release-1644-b01)
# Java VM: OpenJDK 64-Bit Server VM (25.242-b01 mixed mode windows-amd64 compressed oops)
Heap:
 PSYoungGen      total 172544K, used 30689K [0x00000000d5580000, 0x00000000e0a00000, 0x0000000100000000)
  eden space 160256K, 11% used [0x00000000d5580000,0x00000000d6779d80,0x00000000df200000)
  from space 12288K, 99% used [0x00000000df200000,0x00000000dfdfe7c8,0x00000000dfe00000)
  to   space 8192K, 0% used [0x00000000e0200000,0x00000000e0200000,0x00000000e0a00000)
 ParOldGen       total 81408K, used 35146K [0x0000000080000000, 0x0000000084f80000, 0x00000000d5580000)
  object space 81408K, 43% used [0x0000000080000000,0x0000000082252888,0x0000000084f80000)
 Metaspace       used 65952K, capacity 69388K, committed 69656K, reserved 1112064K
  class space    used 9121K, capacity 9765K, committed 9776K, reserved 1048576K
GC Heap History (10 events):
Event: 4.445 GC heap before
{Heap before GC invocations=12 (full 2):
 PSYoungGen      total 136704K, used 125440K [0x00000000d5580000, 0x00000000e0e80000, 0x0000000100000000)
  eden space 125440K, 100% used [0x00000000d5580000,0x00000000dd000000,0x00000000dd000000)
  from space 11264K, 0% used [0x00000000dd000000,0x00000000dd000000,0x00000000ddb00000)
  to   space 12800K, 0% used [0x00000000e0200000,0x00000000e0200000,0x00000000e0e80000)
 ParOldGen       total 81408K, used 17877K [0x0000000080000000, 0x0000000084f80000, 0x00000000d5580000)
  object space 81408K, 21% used [0x0000000080000000,0x0000000081175608,0x0000000084f80000)
 Metaspace       used 37959K, capacity 39640K, committed 39976K, reserved 1083392K
  class space    used 5236K, capacity 5590K, committed 5680K, reserved 1048576K
Event: 4.451 GC heap after
Heap after GC invocations=12 (full 2):
 PSYoungGen      total 168448K, used 7461K [0x00000000d5580000, 0x00000000e0a00000, 0x0000000100000000)
  eden space 160256K, 0% used [0x00000000d5580000,0x00000000d5580000,0x00000000df200000)
  from space 8192K, 91% used [0x00000000e0200000,0x00000000e0949488,0x00000000e0a00000)
  to   space 12288K, 0% used [0x00000000df200000,0x00000000df200000,0x00000000dfe00000)
 ParOldGen       total 81408K, used 17885K [0x0000000080000000, 0x0000000084f80000, 0x00000000d5580000)
  object space 81408K, 21% used [0x0000000080000000,0x0000000081177608,0x0000000084f80000)
 Metaspace       used 37959K, capacity 39640K, committed 39976K, reserved 1083392K
  class space    used 5236K, capacity 5590K, committed 5680K, reserved 1048576K
}
Event: 5.772 GC heap before
{Heap before GC invocations=13 (full 2):
 PSYoungGen      total 168448K, used 167717K [0x00000000d5580000, 0x00000000e0a00000, 0x0000000100000000)
  eden space 160256K, 100% used [0x00000000d5580000,0x00000000df200000,0x00000000df200000)
  from space 8192K, 91% used [0x00000000e0200000,0x00000000e0949488,0x00000000e0a00000)
  to   space 12288K, 0% used [0x00000000df200000,0x00000000df200000,0x00000000dfe00000)
 ParOldGen       total 81408K, used 17885K [0x0000000080000000, 0x0000000084f80000, 0x00000000d5580000)
  object space 81408K, 21% used [0x0000000080000000,0x0000000081177608,0x0000000084f80000)
 Metaspace       used 52543K, capacity 54640K, committed 54824K, reserved 1097728K
  class space    used 6995K, capacity 7464K, committed 7472K, reserved 1048576K
Event: 5.787 GC heap after
Heap after GC invocations=13 (full 2):
 PSYoungGen      total 172544K, used 12260K [0x00000000d5580000, 0x00000000e0a00000, 0x0000000100000000)
  eden space 160256K, 0% used [0x00000000d5580000,0x00000000d5580000,0x00000000df200000)
  from space 12288K, 99% used [0x00000000df200000,0x00000000dfdf9310,0x00000000dfe00000)
  to   space 8192K, 0% used [0x00000000e0200000,0x00000000e0200000,0x00000000e0a00000)
 ParOldGen       total 81408K, used 29787K [0x0000000080000000, 0x0000000084f80000, 0x00000000d5580000)
  object space 81408K, 36% used [0x0000000080000000,0x0000000081d16d10,0x0000000084f80000)
 Metaspace       used 52543K, capacity 54640K, committed 54824K, reserved 1097728K
  class space    used 6995K, capacity 7464K, committed 7472K, reserved 1048576K
}
Event: 6.222 GC heap before
{Heap before GC invocations=14 (full 2):
 PSYoungGen      total 172544K, used 57017K [0x00000000d5580000, 0x00000000e0a00000, 0x0000000100000000)
  eden space 160256K, 27% used [0x00000000d5580000,0x00000000d8135418,0x00000000df200000)
  from space 12288K, 99% used [0x00000000df200000,0x00000000dfdf9310,0x00000000dfe00000)
  to   space 8192K, 0% used [0x00000000e0200000,0x00000000e0200000,0x00000000e0a00000)
 ParOldGen       total 81408K, used 29787K [0x0000000080000000, 0x0000000084f80000, 0x00000000d5580000)
  object space 81408K, 36% used [0x0000000080000000,0x0000000081d16d10,0x0000000084f80000)
 Metaspace       used 56806K, capacity 59074K, committed 59160K, reserved 1099776K
  class space    used 7703K, capacity 8164K, committed 8240K, reserved 1048576K
Event: 6.231 GC heap after
Heap after GC invocations=14 (full 2):
 PSYoungGen      total 168448K, used 8188K [0x00000000d5580000, 0x00000000e0a00000, 0x0000000100000000)
  eden space 160256K, 0% used [0x00000000d5580000,0x00000000d5580000,0x00000000df200000)
  from space 8192K, 99% used [0x00000000e0200000,0x00000000e09ff3f0,0x00000000e0a00000)
  to   space 12288K, 0% used [0x00000000df200000,0x00000000df200000,0x00000000dfe00000)
 ParOldGen       total 81408K, used 39263K [0x0000000080000000, 0x0000000084f80000, 0x00000000d5580000)
  object space 81408K, 48% used [0x0000000080000000,0x0000000082657f10,0x0000000084f80000)
 Metaspace       used 56806K, capacity 59074K, committed 59160K, reserved 1099776K
  class space    used 7703K, capacity 8164K, committed 8240K, reserved 1048576K
}
Event: 6.231 GC heap before
{Heap before GC invocations=15 (full 3):
 PSYoungGen      total 168448K, used 8188K [0x00000000d5580000, 0x00000000e0a00000, 0x0000000100000000)
  eden space 160256K, 0% used [0x00000000d5580000,0x00000000d5580000,0x00000000df200000)
  from space 8192K, 99% used [0x00000000e0200000,0x00000000e09ff3f0,0x00000000e0a00000)
  to   space 12288K, 0% used [0x00000000df200000,0x00000000df200000,0x00000000dfe00000)
 ParOldGen       total 81408K, used 39263K [0x0000000080000000, 0x0000000084f80000, 0x00000000d5580000)
  object space 81408K, 48% used [0x0000000080000000,0x0000000082657f10,0x0000000084f80000)
 Metaspace       used 56806K, capacity 59074K, committed 59160K, reserved 1099776K
  class space    used 7703K, capacity 8164K, committed 8240K, reserved 1048576K
Event: 6.376 GC heap after
Heap after GC invocations=15 (full 3):
 PSYoungGen      total 168448K, used 0K [0x00000000d5580000, 0x00000000e0a00000, 0x0000000100000000)
  eden space 160256K, 0% used [0x00000000d5580000,0x00000000d5580000,0x00000000df200000)
  from space 8192K, 0% used [0x00000000e0200000,0x00000000e0200000,0x00000000e0a00000)
  to   space 12288K, 0% used [0x00000000df200000,0x00000000df200000,0x00000000dfe00000)
 ParOldGen       total 81408K, used 32308K [0x0000000080000000, 0x0000000084f80000, 0x00000000d5580000)
  object space 81408K, 39% used [0x0000000080000000,0x0000000081f8d038,0x0000000084f80000)
 Metaspace       used 56770K, capacity 58954K, committed 59160K, reserved 1099776K
  class space    used 7692K, capacity 8144K, committed 8240K, reserved 1048576K
}
Event: 7.632 GC heap before
{Heap before GC invocations=16 (full 3):
 PSYoungGen      total 168448K, used 160256K [0x00000000d5580000, 0x00000000e0a00000, 0x0000000100000000)
  eden space 160256K, 100% used [0x00000000d5580000,0x00000000df200000,0x00000000df200000)
  from space 8192K, 0% used [0x00000000e0200000,0x00000000e0200000,0x00000000e0a00000)
  to   space 12288K, 0% used [0x00000000df200000,0x00000000df200000,0x00000000dfe00000)
 ParOldGen       total 81408K, used 32308K [0x0000000080000000, 0x0000000084f80000, 0x00000000d5580000)
  object space 81408K, 39% used [0x0000000080000000,0x0000000081f8d038,0x0000000084f80000)
 Metaspace       used 65793K, capacity 69288K, committed 69400K, reserved 1110016K
  class space    used 9116K, capacity 9759K, committed 9776K, reserved 1048576K
Event: 7.641 GC heap after
Heap after GC invocations=16 (full 3):
 PSYoungGen      total 172544K, used 12281K [0x00000000d5580000, 0x00000000e0a00000, 0x0000000100000000)
  eden space 160256K, 0% used [0x00000000d5580000,0x00000000d5580000,0x00000000df200000)
  from space 12288K, 99% used [0x00000000df200000,0x00000000dfdfe7c8,0x00000000dfe00000)
  to   space 8192K, 0% used [0x00000000e0200000,0x00000000e0200000,0x00000000e0a00000)
 ParOldGen       total 81408K, used 35146K [0x0000000080000000, 0x0000000084f80000, 0x00000000d5580000)
  object space 81408K, 43% used [0x0000000080000000,0x0000000082252888,0x0000000084f80000)
 Metaspace       used 65793K, capacity 69288K, committed 69400K, reserved 1110016K
  class space    used 9116K, capacity 9759K, committed 9776K, reserved 1048576K
}

