# JRE version: OpenJDK Runtime Environment (8.0_242-b01) (build 1.8.0_242-release-1644-b01)
# Java VM: OpenJDK 64-Bit Server VM (25.242-b01 mixed mode windows-amd64 compressed oops)
Heap:
 PSYoungGen      total 184832K, used 31004K [0x00000000d5580000, 0x00000000e1880000, 0x0000000100000000)
  eden space 172032K, 10% used [0x00000000d5580000,0x00000000d674eaa0,0x00000000dfd80000)
  from space 12800K, 99% used [0x00000000dff80000,0x00000000e0bf8658,0x00000000e0c00000)
  to   space 7680K, 0% used [0x00000000e1100000,0x00000000e1100000,0x00000000e1880000)
 ParOldGen       total 72704K, used 30739K [0x0000000080000000, 0x0000000084700000, 0x00000000d5580000)
  object space 72704K, 42% used [0x0000000080000000,0x0000000081e04dd0,0x0000000084700000)
 Metaspace       used 55348K, capacity 57648K, committed 57816K, reserved 1099776K
  class space    used 7458K, capacity 7936K, committed 7936K, reserved 1048576K
GC Heap History (10 events):
Event: 2.808 GC heap before
{Heap before GC invocations=9 (full 1):
 PSYoungGen      total 75776K, used 65024K [0x00000000d5580000, 0x00000000de980000, 0x0000000100000000)
  eden space 65024K, 100% used [0x00000000d5580000,0x00000000d9500000,0x00000000d9500000)
  from space 10752K, 0% used [0x00000000d9500000,0x00000000d9500000,0x00000000d9f80000)
  to   space 10752K, 0% used [0x00000000ddf00000,0x00000000ddf00000,0x00000000de980000)
 ParOldGen       total 48128K, used 6650K [0x0000000080000000, 0x0000000082f00000, 0x00000000d5580000)
  object space 48128K, 13% used [0x0000000080000000,0x000000008067eb58,0x0000000082f00000)
 Metaspace       used 28373K, capacity 29260K, committed 29568K, reserved 1075200K
  class space    used 3923K, capacity 4152K, committed 4224K, reserved 1048576K
Event: 2.814 GC heap after
Heap after GC invocations=9 (full 1):
 PSYoungGen      total 128000K, used 8142K [0x00000000d5580000, 0x00000000de700000, 0x0000000100000000)
  eden space 119808K, 0% used [0x00000000d5580000,0x00000000d5580000,0x00000000dca80000)
  from space 8192K, 99% used [0x00000000ddf00000,0x00000000de6f38a8,0x00000000de700000)
  to   space 11264K, 0% used [0x00000000dd100000,0x00000000dd100000,0x00000000ddc00000)
 ParOldGen       total 48128K, used 6658K [0x0000000080000000, 0x0000000082f00000, 0x00000000d5580000)
  object space 48128K, 13% used [0x0000000080000000,0x0000000080680b58,0x0000000082f00000)
 Metaspace       used 28373K, capacity 29260K, committed 29568K, reserved 1075200K
  class space    used 3923K, capacity 4152K, committed 4224K, reserved 1048576K
}
Event: 3.484 GC heap before
{Heap before GC invocations=10 (full 1):
 PSYoungGen      total 128000K, used 108826K [0x00000000d5580000, 0x00000000de700000, 0x0000000100000000)
  eden space 119808K, 84% used [0x00000000d5580000,0x00000000db7d3310,0x00000000dca80000)
  from space 8192K, 99% used [0x00000000ddf00000,0x00000000de6f38a8,0x00000000de700000)
  to   space 11264K, 0% used [0x00000000dd100000,0x00000000dd100000,0x00000000ddc00000)
 ParOldGen       total 48128K, used 6658K [0x0000000080000000, 0x0000000082f00000, 0x00000000d5580000)
  object space 48128K, 13% used [0x0000000080000000,0x0000000080680b58,0x0000000082f00000)
 Metaspace       used 34219K, capacity 35392K, committed 35416K, reserved 1079296K
  class space    used 4716K, capacity 4973K, committed 4992K, reserved 1048576K
Event: 3.494 GC heap after
Heap after GC invocations=10 (full 1):
 PSYoungGen      total 137728K, used 11232K [0x00000000d5580000, 0x00000000e1e00000, 0x0000000100000000)
  eden space 126464K, 0% used [0x00000000d5580000,0x00000000d5580000,0x00000000dd100000)
  from space 11264K, 99% used [0x00000000dd100000,0x00000000ddbf8068,0x00000000ddc00000)
  to   space 13312K, 0% used [0x00000000e1100000,0x00000000e1100000,0x00000000e1e00000)
 ParOldGen       total 48128K, used 7311K [0x0000000080000000, 0x0000000082f00000, 0x00000000d5580000)
  object space 48128K, 15% used [0x0000000080000000,0x0000000080723cf0,0x0000000082f00000)
 Metaspace       used 34219K, capacity 35392K, committed 35416K, reserved 1079296K
  class space    used 4716K, capacity 4973K, committed 4992K, reserved 1048576K
}
Event: 3.494 GC heap before
{Heap before GC invocations=11 (full 2):
 PSYoungGen      total 137728K, used 11232K [0x00000000d5580000, 0x00000000e1e00000, 0x0000000100000000)
  eden space 126464K, 0% used [0x00000000d5580000,0x00000000d5580000,0x00000000dd100000)
  from space 11264K, 99% used [0x00000000dd100000,0x00000000ddbf8068,0x00000000ddc00000)
  to   space 13312K, 0% used [0x00000000e1100000,0x00000000e1100000,0x00000000e1e00000)
 ParOldGen       total 48128K, used 7311K [0x0000000080000000, 0x0000000082f00000, 0x00000000d5580000)
  object space 48128K, 15% used [0x0000000080000000,0x0000000080723cf0,0x0000000082f00000)
 Metaspace       used 34219K, capacity 35392K, committed 35416K, reserved 1079296K
  class space    used 4716K, capacity 4973K, committed 4992K, reserved 1048576K
Event: 3.549 GC heap after
Heap after GC invocations=11 (full 2):
 PSYoungGen      total 137728K, used 0K [0x00000000d5580000, 0x00000000e1e00000, 0x0000000100000000)
  eden space 126464K, 0% used [0x00000000d5580000,0x00000000d5580000,0x00000000dd100000)
  from space 11264K, 0% used [0x00000000dd100000,0x00000000dd100000,0x00000000ddc00000)
  to   space 13312K, 0% used [0x00000000e1100000,0x00000000e1100000,0x00000000e1e00000)
 ParOldGen       total 72704K, used 18003K [0x0000000080000000, 0x0000000084700000, 0x00000000d5580000)
  object space 72704K, 24% used [0x0000000080000000,0x0000000081194f30,0x0000000084700000)
 Metaspace       used 34219K, capacity 35392K, committed 35416K, reserved 1079296K
  class space    used 4716K, capacity 4973K, committed 4992K, reserved 1048576K
}
Event: 4.284 GC heap before
{Heap before GC invocations=12 (full 2):
 PSYoungGen      total 137728K, used 126464K [0x00000000d5580000, 0x00000000e1e00000, 0x0000000100000000)
  eden space 126464K, 100% used [0x00000000d5580000,0x00000000dd100000,0x00000000dd100000)
  from space 11264K, 0% used [0x00000000dd100000,0x00000000dd100000,0x00000000ddc00000)
  to   space 13312K, 0% used [0x00000000e1100000,0x00000000e1100000,0x00000000e1e00000)
 ParOldGen       total 72704K, used 18003K [0x0000000080000000, 0x0000000084700000, 0x00000000d5580000)
  object space 72704K, 24% used [0x0000000080000000,0x0000000081194f30,0x0000000084700000)
 Metaspace       used 38032K, capacity 39774K, committed 39896K, reserved 1083392K
  class space    used 5248K, capacity 5591K, committed 5632K, reserved 1048576K
Event: 4.290 GC heap after
Heap after GC invocations=12 (full 2):
 PSYoungGen      total 179712K, used 7599K [0x00000000d5580000, 0x00000000e1880000, 0x0000000100000000)
  eden space 172032K, 0% used [0x00000000d5580000,0x00000000d5580000,0x00000000dfd80000)
  from space 7680K, 98% used [0x00000000e1100000,0x00000000e186bf48,0x00000000e1880000)
  to   space 12800K, 0% used [0x00000000dff80000,0x00000000dff80000,0x00000000e0c00000)
 ParOldGen       total 72704K, used 18011K [0x0000000080000000, 0x0000000084700000, 0x00000000d5580000)
  object space 72704K, 24% used [0x0000000080000000,0x0000000081196f30,0x0000000084700000)
 Metaspace       used 38032K, capacity 39774K, committed 39896K, reserved 1083392K
  class space    used 5248K, capacity 5591K, committed 5632K, reserved 1048576K
}
Event: 6.054 GC heap before
{Heap before GC invocations=13 (full 2):
 PSYoungGen      total 179712K, used 179631K [0x00000000d5580000, 0x00000000e1880000, 0x0000000100000000)
  eden space 172032K, 100% used [0x00000000d5580000,0x00000000dfd80000,0x00000000dfd80000)
  from space 7680K, 98% used [0x00000000e1100000,0x00000000e186bf48,0x00000000e1880000)
  to   space 12800K, 0% used [0x00000000dff80000,0x00000000dff80000,0x00000000e0c00000)
 ParOldGen       total 72704K, used 18011K [0x0000000080000000, 0x0000000084700000, 0x00000000d5580000)
  object space 72704K, 24% used [0x0000000080000000,0x0000000081196f30,0x0000000084700000)
 Metaspace       used 53500K, capacity 55636K, committed 55768K, reserved 1097728K
  class space    used 7126K, capacity 7572K, committed 7680K, reserved 1048576K
Event: 6.078 GC heap after
Heap after GC invocations=13 (full 2):
 PSYoungGen      total 184832K, used 12769K [0x00000000d5580000, 0x00000000e1880000, 0x0000000100000000)
  eden space 172032K, 0% used [0x00000000d5580000,0x00000000d5580000,0x00000000dfd80000)
  from space 12800K, 99% used [0x00000000dff80000,0x00000000e0bf8658,0x00000000e0c00000)
  to   space 7680K, 0% used [0x00000000e1100000,0x00000000e1100000,0x00000000e1880000)
 ParOldGen       total 72704K, used 30739K [0x0000000080000000, 0x0000000084700000, 0x00000000d5580000)
  object space 72704K, 42% used [0x0000000080000000,0x0000000081e04dd0,0x0000000084700000)
 Metaspace       used 53500K, capacity 55636K, committed 55768K, reserved 1097728K
  class space    used 7126K, capacity 7572K, committed 7680K, reserved 1048576K
}

