# JRE version: OpenJDK Runtime Environment (8.0_242-b01) (build 1.8.0_242-release-1644-b01)
# Java VM: OpenJDK 64-Bit Server VM (25.242-b01 mixed mode windows-amd64 compressed oops)
Heap:
 PSYoungGen      total 208896K, used 93996K [0x00000000d5580000, 0x00000000e3d80000, 0x0000000100000000)
  eden space 190464K, 49% used [0x00000000d5580000,0x00000000db14b3e0,0x00000000e0f80000)
  from space 18432K, 0% used [0x00000000e2280000,0x00000000e2280000,0x00000000e3480000)
  to   space 19456K, 0% used [0x00000000e0f80000,0x00000000e0f80000,0x00000000e2280000)
 ParOldGen       total 125440K, used 32205K [0x0000000080000000, 0x0000000087a80000, 0x00000000d5580000)
  object space 125440K, 25% used [0x0000000080000000,0x0000000081f73438,0x0000000087a80000)
 Metaspace       used 62847K, capacity 65414K, committed 65560K, reserved 1105920K
  class space    used 8641K, capacity 9156K, committed 9264K, reserved 1048576K
GC Heap History (10 events):
Event: 5.265 GC heap before
{Heap before GC invocations=11 (full 2):
 PSYoungGen      total 138240K, used 11241K [0x00000000d5580000, 0x00000000e1280000, 0x0000000100000000)
  eden space 126976K, 0% used [0x00000000d5580000,0x00000000d5580000,0x00000000dd180000)
  from space 11264K, 99% used [0x00000000dd180000,0x00000000ddc7a528,0x00000000ddc80000)
  to   space 12800K, 0% used [0x00000000e0600000,0x00000000e0600000,0x00000000e1280000)
 ParOldGen       total 50688K, used 7405K [0x0000000080000000, 0x0000000083180000, 0x00000000d5580000)
  object space 50688K, 14% used [0x0000000080000000,0x000000008073b740,0x0000000083180000)
 Metaspace       used 34264K, capacity 35424K, committed 35496K, reserved 1079296K
  class space    used 4722K, capacity 5005K, committed 5040K, reserved 1048576K
Event: 5.400 GC heap after
Heap after GC invocations=11 (full 2):
 PSYoungGen      total 138240K, used 0K [0x00000000d5580000, 0x00000000e1280000, 0x0000000100000000)
  eden space 126976K, 0% used [0x00000000d5580000,0x00000000d5580000,0x00000000dd180000)
  from space 11264K, 0% used [0x00000000dd180000,0x00000000dd180000,0x00000000ddc80000)
  to   space 12800K, 0% used [0x00000000e0600000,0x00000000e0600000,0x00000000e1280000)
 ParOldGen       total 82944K, used 17855K [0x0000000080000000, 0x0000000085100000, 0x00000000d5580000)
  object space 82944K, 21% used [0x0000000080000000,0x000000008116ffa8,0x0000000085100000)
 Metaspace       used 34264K, capacity 35424K, committed 35496K, reserved 1079296K
  class space    used 4722K, capacity 5005K, committed 5040K, reserved 1048576K
}
Event: 6.423 GC heap before
{Heap before GC invocations=12 (full 2):
 PSYoungGen      total 138240K, used 126976K [0x00000000d5580000, 0x00000000e1280000, 0x0000000100000000)
  eden space 126976K, 100% used [0x00000000d5580000,0x00000000dd180000,0x00000000dd180000)
  from space 11264K, 0% used [0x00000000dd180000,0x00000000dd180000,0x00000000ddc80000)
  to   space 12800K, 0% used [0x00000000e0600000,0x00000000e0600000,0x00000000e1280000)
 ParOldGen       total 82944K, used 17855K [0x0000000080000000, 0x0000000085100000, 0x00000000d5580000)
  object space 82944K, 21% used [0x0000000080000000,0x000000008116ffa8,0x0000000085100000)
 Metaspace       used 38427K, capacity 40184K, committed 40232K, reserved 1083392K
  class space    used 5304K, capacity 5658K, committed 5680K, reserved 1048576K
Event: 6.432 GC heap after
Heap after GC invocations=12 (full 2):
 PSYoungGen      total 165888K, used 8071K [0x00000000d5580000, 0x00000000e0e00000, 0x0000000100000000)
  eden space 157696K, 0% used [0x00000000d5580000,0x00000000d5580000,0x00000000def80000)
  from space 8192K, 98% used [0x00000000e0600000,0x00000000e0de1f10,0x00000000e0e00000)
  to   space 12800K, 0% used [0x00000000df500000,0x00000000df500000,0x00000000e0180000)
 ParOldGen       total 82944K, used 17863K [0x0000000080000000, 0x0000000085100000, 0x00000000d5580000)
  object space 82944K, 21% used [0x0000000080000000,0x0000000081171fa8,0x0000000085100000)
 Metaspace       used 38427K, capacity 40184K, committed 40232K, reserved 1083392K
  class space    used 5304K, capacity 5658K, committed 5680K, reserved 1048576K
}
Event: 8.959 GC heap before
{Heap before GC invocations=13 (full 2):
 PSYoungGen      total 165888K, used 165767K [0x00000000d5580000, 0x00000000e0e00000, 0x0000000100000000)
  eden space 157696K, 100% used [0x00000000d5580000,0x00000000def80000,0x00000000def80000)
  from space 8192K, 98% used [0x00000000e0600000,0x00000000e0de1f10,0x00000000e0e00000)
  to   space 12800K, 0% used [0x00000000df500000,0x00000000df500000,0x00000000e0180000)
 ParOldGen       total 82944K, used 17863K [0x0000000080000000, 0x0000000085100000, 0x00000000d5580000)
  object space 82944K, 21% used [0x0000000080000000,0x0000000081171fa8,0x0000000085100000)
 Metaspace       used 52521K, capacity 54670K, committed 54824K, reserved 1097728K
  class space    used 6994K, capacity 7467K, committed 7472K, reserved 1048576K
Event: 8.980 GC heap after
Heap after GC invocations=13 (full 2):
 PSYoungGen      total 176128K, used 12780K [0x00000000d5580000, 0x00000000e3480000, 0x0000000100000000)
  eden space 163328K, 0% used [0x00000000d5580000,0x00000000d5580000,0x00000000df500000)
  from space 12800K, 99% used [0x00000000df500000,0x00000000e017b330,0x00000000e0180000)
  to   space 18432K, 0% used [0x00000000e2280000,0x00000000e2280000,0x00000000e3480000)
 ParOldGen       total 82944K, used 28576K [0x0000000080000000, 0x0000000085100000, 0x00000000d5580000)
  object space 82944K, 34% used [0x0000000080000000,0x0000000081be83b0,0x0000000085100000)
 Metaspace       used 52521K, capacity 54670K, committed 54824K, reserved 1097728K
  class space    used 6994K, capacity 7467K, committed 7472K, reserved 1048576K
}
Event: 9.628 GC heap before
{Heap before GC invocations=14 (full 2):
 PSYoungGen      total 176128K, used 58310K [0x00000000d5580000, 0x00000000e3480000, 0x0000000100000000)
  eden space 163328K, 27% used [0x00000000d5580000,0x00000000d81f6698,0x00000000df500000)
  from space 12800K, 99% used [0x00000000df500000,0x00000000e017b330,0x00000000e0180000)
  to   space 18432K, 0% used [0x00000000e2280000,0x00000000e2280000,0x00000000e3480000)
 ParOldGen       total 82944K, used 28576K [0x0000000080000000, 0x0000000085100000, 0x00000000d5580000)
  object space 82944K, 34% used [0x0000000080000000,0x0000000081be83b0,0x0000000085100000)
 Metaspace       used 56687K, capacity 59042K, committed 59160K, reserved 1099776K
  class space    used 7690K, capacity 8166K, committed 8240K, reserved 1048576K
Event: 9.643 GC heap after
Heap after GC invocations=14 (full 2):
 PSYoungGen      total 208896K, used 14226K [0x00000000d5580000, 0x00000000e3d80000, 0x0000000100000000)
  eden space 190464K, 0% used [0x00000000d5580000,0x00000000d5580000,0x00000000e0f80000)
  from space 18432K, 77% used [0x00000000e2280000,0x00000000e3064890,0x00000000e3480000)
  to   space 19456K, 0% used [0x00000000e0f80000,0x00000000e0f80000,0x00000000e2280000)
 ParOldGen       total 82944K, used 32623K [0x0000000080000000, 0x0000000085100000, 0x00000000d5580000)
  object space 82944K, 39% used [0x0000000080000000,0x0000000081fdbcd0,0x0000000085100000)
 Metaspace       used 56687K, capacity 59042K, committed 59160K, reserved 1099776K
  class space    used 7690K, capacity 8166K, committed 8240K, reserved 1048576K
}
Event: 9.643 GC heap before
{Heap before GC invocations=15 (full 3):
 PSYoungGen      total 208896K, used 14226K [0x00000000d5580000, 0x00000000e3d80000, 0x0000000100000000)
  eden space 190464K, 0% used [0x00000000d5580000,0x00000000d5580000,0x00000000e0f80000)
  from space 18432K, 77% used [0x00000000e2280000,0x00000000e3064890,0x00000000e3480000)
  to   space 19456K, 0% used [0x00000000e0f80000,0x00000000e0f80000,0x00000000e2280000)
 ParOldGen       total 82944K, used 32623K [0x0000000080000000, 0x0000000085100000, 0x00000000d5580000)
  object space 82944K, 39% used [0x0000000080000000,0x0000000081fdbcd0,0x0000000085100000)
 Metaspace       used 56687K, capacity 59042K, committed 59160K, reserved 1099776K
  class space    used 7690K, capacity 8166K, committed 8240K, reserved 1048576K
Event: 9.866 GC heap after
Heap after GC invocations=15 (full 3):
 PSYoungGen      total 208896K, used 0K [0x00000000d5580000, 0x00000000e3d80000, 0x0000000100000000)
  eden space 190464K, 0% used [0x00000000d5580000,0x00000000d5580000,0x00000000e0f80000)
  from space 18432K, 0% used [0x00000000e2280000,0x00000000e2280000,0x00000000e3480000)
  to   space 19456K, 0% used [0x00000000e0f80000,0x00000000e0f80000,0x00000000e2280000)
 ParOldGen       total 125440K, used 32205K [0x0000000080000000, 0x0000000087a80000, 0x00000000d5580000)
  object space 125440K, 25% used [0x0000000080000000,0x0000000081f73438,0x0000000087a80000)
 Metaspace       used 56647K, capacity 58904K, committed 59160K, reserved 1099776K
  class space    used 7677K, capacity 8143K, committed 8240K, reserved 1048576K
}

