# JRE version: OpenJDK Runtime Environment (8.0_242-b01) (build 1.8.0_242-release-1644-b01)
# Java VM: OpenJDK 64-Bit Server VM (25.242-b01 mixed mode windows-amd64 compressed oops)
Heap:
 PSYoungGen      total 252416K, used 242278K [0x00000000d5580000, 0x00000000eaa00000, 0x0000000100000000)
  eden space 229376K, 95% used [0x00000000d5580000,0x00000000e2ba0d18,0x00000000e3580000)
  from space 23040K, 99% used [0x00000000e5f00000,0x00000000e7578ce0,0x00000000e7580000)
  to   space 42496K, 0% used [0x00000000e3580000,0x00000000e3580000,0x00000000e5f00000)
 ParOldGen       total 210432K, used 101538K [0x0000000080000000, 0x000000008cd80000, 0x00000000d5580000)
  object space 210432K, 48% used [0x0000000080000000,0x0000000086328970,0x000000008cd80000)
 Metaspace       used 108530K, capacity 114194K, committed 114380K, reserved 1148928K
  class space    used 14448K, capacity 15544K, committed 15616K, reserved 1048576K
GC Heap History (10 events):
Event: 11.114 GC heap before
{Heap before GC invocations=18 (full 3):
 PSYoungGen      total 212480K, used 208747K [0x00000000d5580000, 0x00000000e3a00000, 0x0000000100000000)
  eden space 195072K, 100% used [0x00000000d5580000,0x00000000e1400000,0x00000000e1400000)
  from space 17408K, 78% used [0x00000000e2900000,0x00000000e365ae48,0x00000000e3a00000)
  to   space 19456K, 0% used [0x00000000e1400000,0x00000000e1400000,0x00000000e2700000)
 ParOldGen       total 136704K, used 44092K [0x0000000080000000, 0x0000000088580000, 0x00000000d5580000)
  object space 136704K, 32% used [0x0000000080000000,0x0000000082b0f110,0x0000000088580000)
 Metaspace       used 85137K, capacity 89528K, committed 89688K, reserved 1126400K
  class space    used 11504K, capacity 12307K, committed 12416K, reserved 1048576K
Event: 11.135 GC heap after
Heap after GC invocations=18 (full 3):
 PSYoungGen      total 214528K, used 19447K [0x00000000d5580000, 0x00000000e6680000, 0x0000000100000000)
  eden space 195072K, 0% used [0x00000000d5580000,0x00000000d5580000,0x00000000e1400000)
  from space 19456K, 99% used [0x00000000e1400000,0x00000000e26fdc30,0x00000000e2700000)
  to   space 25088K, 0% used [0x00000000e4e00000,0x00000000e4e00000,0x00000000e6680000)
 ParOldGen       total 136704K, used 51998K [0x0000000080000000, 0x0000000088580000, 0x00000000d5580000)
  object space 136704K, 38% used [0x0000000080000000,0x00000000832c78d0,0x0000000088580000)
 Metaspace       used 85137K, capacity 89528K, committed 89688K, reserved 1126400K
  class space    used 11504K, capacity 12307K, committed 12416K, reserved 1048576K
}
Event: 17.442 GC heap before
{Heap before GC invocations=19 (full 3):
 PSYoungGen      total 214528K, used 140753K [0x00000000d5580000, 0x00000000e6680000, 0x0000000100000000)
  eden space 195072K, 62% used [0x00000000d5580000,0x00000000dcbf6958,0x00000000e1400000)
  from space 19456K, 99% used [0x00000000e1400000,0x00000000e26fdc30,0x00000000e2700000)
  to   space 25088K, 0% used [0x00000000e4e00000,0x00000000e4e00000,0x00000000e6680000)
 ParOldGen       total 136704K, used 51998K [0x0000000080000000, 0x0000000088580000, 0x00000000d5580000)
  object space 136704K, 38% used [0x0000000080000000,0x00000000832c78d0,0x0000000088580000)
 Metaspace       used 93440K, capacity 98310K, committed 98380K, reserved 1134592K
  class space    used 12477K, capacity 13424K, committed 13440K, reserved 1048576K
Event: 17.465 GC heap after
Heap after GC invocations=19 (full 3):
 PSYoungGen      total 243200K, used 10879K [0x00000000d5580000, 0x00000000e5f80000, 0x0000000100000000)
  eden space 225280K, 0% used [0x00000000d5580000,0x00000000d5580000,0x00000000e3180000)
  from space 17920K, 60% used [0x00000000e4e00000,0x00000000e589fda0,0x00000000e5f80000)
  to   space 23552K, 0% used [0x00000000e3180000,0x00000000e3180000,0x00000000e4880000)
 ParOldGen       total 136704K, used 70877K [0x0000000080000000, 0x0000000088580000, 0x00000000d5580000)
  object space 136704K, 51% used [0x0000000080000000,0x0000000084537740,0x0000000088580000)
 Metaspace       used 93440K, capacity 98310K, committed 98380K, reserved 1134592K
  class space    used 12477K, capacity 13424K, committed 13440K, reserved 1048576K
}
Event: 17.465 GC heap before
{Heap before GC invocations=20 (full 4):
 PSYoungGen      total 243200K, used 10879K [0x00000000d5580000, 0x00000000e5f80000, 0x0000000100000000)
  eden space 225280K, 0% used [0x00000000d5580000,0x00000000d5580000,0x00000000e3180000)
  from space 17920K, 60% used [0x00000000e4e00000,0x00000000e589fda0,0x00000000e5f80000)
  to   space 23552K, 0% used [0x00000000e3180000,0x00000000e3180000,0x00000000e4880000)
 ParOldGen       total 136704K, used 70877K [0x0000000080000000, 0x0000000088580000, 0x00000000d5580000)
  object space 136704K, 51% used [0x0000000080000000,0x0000000084537740,0x0000000088580000)
 Metaspace       used 93440K, capacity 98310K, committed 98380K, reserved 1134592K
  class space    used 12477K, capacity 13424K, committed 13440K, reserved 1048576K
Event: 17.622 GC heap after
Heap after GC invocations=20 (full 4):
 PSYoungGen      total 243200K, used 0K [0x00000000d5580000, 0x00000000e5f80000, 0x0000000100000000)
  eden space 225280K, 0% used [0x00000000d5580000,0x00000000d5580000,0x00000000e3180000)
  from space 17920K, 0% used [0x00000000e4e00000,0x00000000e4e00000,0x00000000e5f80000)
  to   space 23552K, 0% used [0x00000000e3180000,0x00000000e3180000,0x00000000e4880000)
 ParOldGen       total 210432K, used 57577K [0x0000000080000000, 0x000000008cd80000, 0x00000000d5580000)
  object space 210432K, 27% used [0x0000000080000000,0x000000008383a460,0x000000008cd80000)
 Metaspace       used 93145K, capacity 97430K, committed 98380K, reserved 1134592K
  class space    used 12381K, capacity 13254K, committed 13440K, reserved 1048576K
}
Event: 20.370 GC heap before
{Heap before GC invocations=21 (full 4):
 PSYoungGen      total 243200K, used 225280K [0x00000000d5580000, 0x00000000e5f80000, 0x0000000100000000)
  eden space 225280K, 100% used [0x00000000d5580000,0x00000000e3180000,0x00000000e3180000)
  from space 17920K, 0% used [0x00000000e4e00000,0x00000000e4e00000,0x00000000e5f80000)
  to   space 23552K, 0% used [0x00000000e3180000,0x00000000e3180000,0x00000000e4880000)
 ParOldGen       total 210432K, used 57577K [0x0000000080000000, 0x000000008cd80000, 0x00000000d5580000)
  object space 210432K, 27% used [0x0000000080000000,0x000000008383a460,0x000000008cd80000)
 Metaspace       used 98774K, capacity 103416K, committed 103628K, reserved 1138688K
  class space    used 13085K, capacity 14013K, committed 14080K, reserved 1048576K
Event: 20.386 GC heap after
Heap after GC invocations=21 (full 4):
 PSYoungGen      total 248832K, used 12620K [0x00000000d5580000, 0x00000000e7580000, 0x0000000100000000)
  eden space 225280K, 0% used [0x00000000d5580000,0x00000000d5580000,0x00000000e3180000)
  from space 23552K, 53% used [0x00000000e3180000,0x00000000e3dd3110,0x00000000e4880000)
  to   space 23040K, 0% used [0x00000000e5f00000,0x00000000e5f00000,0x00000000e7580000)
 ParOldGen       total 210432K, used 57585K [0x0000000080000000, 0x000000008cd80000, 0x00000000d5580000)
  object space 210432K, 27% used [0x0000000080000000,0x000000008383c460,0x000000008cd80000)
 Metaspace       used 98774K, capacity 103416K, committed 103628K, reserved 1138688K
  class space    used 13085K, capacity 14013K, committed 14080K, reserved 1048576K
}
Event: 21.763 GC heap before
{Heap before GC invocations=22 (full 4):
 PSYoungGen      total 248832K, used 237900K [0x00000000d5580000, 0x00000000e7580000, 0x0000000100000000)
  eden space 225280K, 100% used [0x00000000d5580000,0x00000000e3180000,0x00000000e3180000)
  from space 23552K, 53% used [0x00000000e3180000,0x00000000e3dd3110,0x00000000e4880000)
  to   space 23040K, 0% used [0x00000000e5f00000,0x00000000e5f00000,0x00000000e7580000)
 ParOldGen       total 210432K, used 57585K [0x0000000080000000, 0x000000008cd80000, 0x00000000d5580000)
  object space 210432K, 27% used [0x0000000080000000,0x000000008383c460,0x000000008cd80000)
 Metaspace       used 104061K, capacity 109208K, committed 109388K, reserved 1144832K
  class space    used 13860K, capacity 14909K, committed 14976K, reserved 1048576K
Event: 21.835 GC heap after
Heap after GC invocations=22 (full 4):
 PSYoungGen      total 252416K, used 23011K [0x00000000d5580000, 0x00000000eaa00000, 0x0000000100000000)
  eden space 229376K, 0% used [0x00000000d5580000,0x00000000d5580000,0x00000000e3580000)
  from space 23040K, 99% used [0x00000000e5f00000,0x00000000e7578ce0,0x00000000e7580000)
  to   space 42496K, 0% used [0x00000000e3580000,0x00000000e3580000,0x00000000e5f00000)
 ParOldGen       total 210432K, used 101538K [0x0000000080000000, 0x000000008cd80000, 0x00000000d5580000)
  object space 210432K, 48% used [0x0000000080000000,0x0000000086328970,0x000000008cd80000)
 Metaspace       used 104061K, capacity 109208K, committed 109388K, reserved 1144832K
  class space    used 13860K, capacity 14909K, committed 14976K, reserved 1048576K
}

