# JRE version: OpenJDK Runtime Environment (8.0_242-b01) (build 1.8.0_242-release-1644-b01)
# Java VM: OpenJDK 64-Bit Server VM (25.242-b01 mixed mode windows-amd64 compressed oops)
Heap:
 PSYoungGen      total 254976K, used 176904K [0x00000000d5580000, 0x00000000e6e00000, 0x0000000100000000)
  eden space 231936K, 66% used [0x00000000d5580000,0x00000000debc99f0,0x00000000e3800000)
  from space 23040K, 99% used [0x00000000e5300000,0x00000000e69786f0,0x00000000e6980000)
  to   space 27648K, 0% used [0x00000000e3800000,0x00000000e3800000,0x00000000e5300000)
 ParOldGen       total 120320K, used 37338K [0x0000000080000000, 0x0000000087580000, 0x00000000d5580000)
  object space 120320K, 31% used [0x0000000080000000,0x0000000082476af0,0x0000000087580000)
 Metaspace       used 86835K, capacity 91386K, committed 91416K, reserved 1128448K
  class space    used 11983K, capacity 12835K, committed 12840K, reserved 1048576K
GC Heap History (10 events):
Event: 8.359 GC heap before
{Heap before GC invocations=13 (full 2):
 PSYoungGen      total 166400K, used 166342K [0x00000000d5580000, 0x00000000e1100000, 0x0000000100000000)
  eden space 158720K, 100% used [0x00000000d5580000,0x00000000df080000,0x00000000df080000)
  from space 7680K, 99% used [0x00000000e0980000,0x00000000e10f1af8,0x00000000e1100000)
  to   space 12800K, 0% used [0x00000000df800000,0x00000000df800000,0x00000000e0480000)
 ParOldGen       total 80384K, used 17891K [0x0000000080000000, 0x0000000084e80000, 0x00000000d5580000)
  object space 80384K, 22% used [0x0000000080000000,0x0000000081178e68,0x0000000084e80000)
 Metaspace       used 52515K, capacity 54622K, committed 54824K, reserved 1097728K
  class space    used 6988K, capacity 7433K, committed 7464K, reserved 1048576K
Event: 8.387 GC heap after
Heap after GC invocations=13 (full 2):
 PSYoungGen      total 179200K, used 12788K [0x00000000d5580000, 0x00000000e3a80000, 0x0000000100000000)
  eden space 166400K, 0% used [0x00000000d5580000,0x00000000d5580000,0x00000000df800000)
  from space 12800K, 99% used [0x00000000df800000,0x00000000e047d300,0x00000000e0480000)
  to   space 18432K, 0% used [0x00000000e2880000,0x00000000e2880000,0x00000000e3a80000)
 ParOldGen       total 80384K, used 28808K [0x0000000080000000, 0x0000000084e80000, 0x00000000d5580000)
  object space 80384K, 35% used [0x0000000080000000,0x0000000081c22010,0x0000000084e80000)
 Metaspace       used 52515K, capacity 54622K, committed 54824K, reserved 1097728K
  class space    used 6988K, capacity 7433K, committed 7464K, reserved 1048576K
}
Event: 9.093 GC heap before
{Heap before GC invocations=14 (full 2):
 PSYoungGen      total 179200K, used 60077K [0x00000000d5580000, 0x00000000e3a80000, 0x0000000100000000)
  eden space 166400K, 28% used [0x00000000d5580000,0x00000000d83ae240,0x00000000df800000)
  from space 12800K, 99% used [0x00000000df800000,0x00000000e047d300,0x00000000e0480000)
  to   space 18432K, 0% used [0x00000000e2880000,0x00000000e2880000,0x00000000e3a80000)
 ParOldGen       total 80384K, used 28808K [0x0000000080000000, 0x0000000084e80000, 0x00000000d5580000)
  object space 80384K, 35% used [0x0000000080000000,0x0000000081c22010,0x0000000084e80000)
 Metaspace       used 56828K, capacity 59092K, committed 59160K, reserved 1099776K
  class space    used 7702K, capacity 8165K, committed 8232K, reserved 1048576K
Event: 9.113 GC heap after
Heap after GC invocations=14 (full 2):
 PSYoungGen      total 215040K, used 14636K [0x00000000d5580000, 0x00000000e4680000, 0x0000000100000000)
  eden space 196608K, 0% used [0x00000000d5580000,0x00000000d5580000,0x00000000e1580000)
  from space 18432K, 79% used [0x00000000e2880000,0x00000000e36cb288,0x00000000e3a80000)
  to   space 19456K, 0% used [0x00000000e1580000,0x00000000e1580000,0x00000000e2880000)
 ParOldGen       total 80384K, used 32826K [0x0000000080000000, 0x0000000084e80000, 0x00000000d5580000)
  object space 80384K, 40% used [0x0000000080000000,0x000000008200e900,0x0000000084e80000)
 Metaspace       used 56828K, capacity 59092K, committed 59160K, reserved 1099776K
  class space    used 7702K, capacity 8165K, committed 8232K, reserved 1048576K
}
Event: 9.113 GC heap before
{Heap before GC invocations=15 (full 3):
 PSYoungGen      total 215040K, used 14636K [0x00000000d5580000, 0x00000000e4680000, 0x0000000100000000)
  eden space 196608K, 0% used [0x00000000d5580000,0x00000000d5580000,0x00000000e1580000)
  from space 18432K, 79% used [0x00000000e2880000,0x00000000e36cb288,0x00000000e3a80000)
  to   space 19456K, 0% used [0x00000000e1580000,0x00000000e1580000,0x00000000e2880000)
 ParOldGen       total 80384K, used 32826K [0x0000000080000000, 0x0000000084e80000, 0x00000000d5580000)
  object space 80384K, 40% used [0x0000000080000000,0x000000008200e900,0x0000000084e80000)
 Metaspace       used 56828K, capacity 59092K, committed 59160K, reserved 1099776K
  class space    used 7702K, capacity 8165K, committed 8232K, reserved 1048576K
Event: 9.337 GC heap after
Heap after GC invocations=15 (full 3):
 PSYoungGen      total 215040K, used 0K [0x00000000d5580000, 0x00000000e4680000, 0x0000000100000000)
  eden space 196608K, 0% used [0x00000000d5580000,0x00000000d5580000,0x00000000e1580000)
  from space 18432K, 0% used [0x00000000e2880000,0x00000000e2880000,0x00000000e3a80000)
  to   space 19456K, 0% used [0x00000000e1580000,0x00000000e1580000,0x00000000e2880000)
 ParOldGen       total 120320K, used 32345K [0x0000000080000000, 0x0000000087580000, 0x00000000d5580000)
  object space 120320K, 26% used [0x0000000080000000,0x0000000081f964c0,0x0000000087580000)
 Metaspace       used 56790K, capacity 58966K, committed 59160K, reserved 1099776K
  class space    used 7690K, capacity 8144K, committed 8232K, reserved 1048576K
}
Event: 11.862 GC heap before
{Heap before GC invocations=16 (full 3):
 PSYoungGen      total 215040K, used 196608K [0x00000000d5580000, 0x00000000e4680000, 0x0000000100000000)
  eden space 196608K, 100% used [0x00000000d5580000,0x00000000e1580000,0x00000000e1580000)
  from space 18432K, 0% used [0x00000000e2880000,0x00000000e2880000,0x00000000e3a80000)
  to   space 19456K, 0% used [0x00000000e1580000,0x00000000e1580000,0x00000000e2880000)
 ParOldGen       total 120320K, used 32345K [0x0000000080000000, 0x0000000087580000, 0x00000000d5580000)
  object space 120320K, 26% used [0x0000000080000000,0x0000000081f964c0,0x0000000087580000)
 Metaspace       used 66532K, capacity 69754K, committed 69912K, reserved 1110016K
  class space    used 9159K, capacity 9734K, committed 9768K, reserved 1048576K
Event: 11.885 GC heap after
Heap after GC invocations=16 (full 3):
 PSYoungGen      total 216064K, used 19437K [0x00000000d5580000, 0x00000000e6980000, 0x0000000100000000)
  eden space 196608K, 0% used [0x00000000d5580000,0x00000000d5580000,0x00000000e1580000)
  from space 19456K, 99% used [0x00000000e1580000,0x00000000e287b640,0x00000000e2880000)
  to   space 23040K, 0% used [0x00000000e5300000,0x00000000e5300000,0x00000000e6980000)
 ParOldGen       total 120320K, used 33764K [0x0000000080000000, 0x0000000087580000, 0x00000000d5580000)
  object space 120320K, 28% used [0x0000000080000000,0x00000000820f92b0,0x0000000087580000)
 Metaspace       used 66532K, capacity 69754K, committed 69912K, reserved 1110016K
  class space    used 9159K, capacity 9734K, committed 9768K, reserved 1048576K
}
Event: 16.367 GC heap before
{Heap before GC invocations=17 (full 3):
 PSYoungGen      total 216064K, used 216045K [0x00000000d5580000, 0x00000000e6980000, 0x0000000100000000)
  eden space 196608K, 100% used [0x00000000d5580000,0x00000000e1580000,0x00000000e1580000)
  from space 19456K, 99% used [0x00000000e1580000,0x00000000e287b640,0x00000000e2880000)
  to   space 23040K, 0% used [0x00000000e5300000,0x00000000e5300000,0x00000000e6980000)
 ParOldGen       total 120320K, used 33764K [0x0000000080000000, 0x0000000087580000, 0x00000000d5580000)
  object space 120320K, 28% used [0x0000000080000000,0x00000000820f92b0,0x0000000087580000)
 Metaspace       used 74590K, capacity 78054K, committed 78232K, reserved 1116160K
  class space    used 10158K, capacity 10798K, committed 10920K, reserved 1048576K
Event: 16.397 GC heap after
Heap after GC invocations=17 (full 3):
 PSYoungGen      total 254976K, used 23009K [0x00000000d5580000, 0x00000000e6e00000, 0x0000000100000000)
  eden space 231936K, 0% used [0x00000000d5580000,0x00000000d5580000,0x00000000e3800000)
  from space 23040K, 99% used [0x00000000e5300000,0x00000000e69786f0,0x00000000e6980000)
  to   space 27648K, 0% used [0x00000000e3800000,0x00000000e3800000,0x00000000e5300000)
 ParOldGen       total 120320K, used 37338K [0x0000000080000000, 0x0000000087580000, 0x00000000d5580000)
  object space 120320K, 31% used [0x0000000080000000,0x0000000082476af0,0x0000000087580000)
 Metaspace       used 74590K, capacity 78054K, committed 78232K, reserved 1116160K
  class space    used 10158K, capacity 10798K, committed 10920K, reserved 1048576K
}

