# JRE version: OpenJDK Runtime Environment (8.0_242-b01) (build 1.8.0_242-release-1644-b01)
# Java VM: OpenJDK 64-Bit Server VM (25.242-b01 mixed mode windows-amd64 compressed oops)
Heap:
 PSYoungGen      total 521216K, used 62931K [0x00000000d5580000, 0x00000000f8a80000, 0x0000000100000000)
  eden space 490496K, 9% used [0x00000000d5580000,0x00000000d8145928,0x00000000f3480000)
  from space 30720K, 58% used [0x00000000f4e80000,0x00000000f602f5a8,0x00000000f6c80000)
  to   space 24064K, 0% used [0x00000000f7300000,0x00000000f7300000,0x00000000f8a80000)
 ParOldGen       total 118272K, used 62879K [0x0000000080000000, 0x0000000087380000, 0x00000000d5580000)
  object space 118272K, 53% used [0x0000000080000000,0x0000000083d67c20,0x0000000087380000)
 Metaspace       used 84859K, capacity 89214K, committed 89304K, reserved 1126400K
  class space    used 11227K, capacity 11999K, committed 12032K, reserved 1048576K
GC Heap History (10 events):
Event: 4.505 GC heap before
{Heap before GC invocations=10 (full 2):
 PSYoungGen      total 271360K, used 254976K [0x00000000d5580000, 0x00000000f0300000, 0x0000000100000000)
  eden space 254976K, 100% used [0x00000000d5580000,0x00000000e4e80000,0x00000000e4e80000)
  from space 16384K, 0% used [0x00000000e4e80000,0x00000000e4e80000,0x00000000e5e80000)
  to   space 15360K, 0% used [0x00000000ef400000,0x00000000ef400000,0x00000000f0300000)
 ParOldGen       total 76800K, used 15345K [0x0000000080000000, 0x0000000084b00000, 0x00000000d5580000)
  object space 76800K, 19% used [0x0000000080000000,0x0000000080efc7d8,0x0000000084b00000)
 Metaspace       used 46191K, capacity 48050K, committed 48344K, reserved 1091584K
  class space    used 6249K, capacity 6593K, committed 6656K, reserved 1048576K
Event: 4.518 GC heap after
Heap after GC invocations=10 (full 2):
 PSYoungGen      total 416256K, used 15341K [0x00000000d5580000, 0x00000000f0300000, 0x0000000100000000)
  eden space 400896K, 0% used [0x00000000d5580000,0x00000000d5580000,0x00000000edd00000)
  from space 15360K, 99% used [0x00000000ef400000,0x00000000f02fb620,0x00000000f0300000)
  to   space 18944K, 0% used [0x00000000ede00000,0x00000000ede00000,0x00000000ef080000)
 ParOldGen       total 76800K, used 17513K [0x0000000080000000, 0x0000000084b00000, 0x00000000d5580000)
  object space 76800K, 22% used [0x0000000080000000,0x000000008111a5b8,0x0000000084b00000)
 Metaspace       used 46191K, capacity 48050K, committed 48344K, reserved 1091584K
  class space    used 6249K, capacity 6593K, committed 6656K, reserved 1048576K
}
Event: 5.496 GC heap before
{Heap before GC invocations=11 (full 2):
 PSYoungGen      total 416256K, used 151630K [0x00000000d5580000, 0x00000000f0300000, 0x0000000100000000)
  eden space 400896K, 33% used [0x00000000d5580000,0x00000000dda984b0,0x00000000edd00000)
  from space 15360K, 99% used [0x00000000ef400000,0x00000000f02fb620,0x00000000f0300000)
  to   space 18944K, 0% used [0x00000000ede00000,0x00000000ede00000,0x00000000ef080000)
 ParOldGen       total 76800K, used 17513K [0x0000000080000000, 0x0000000084b00000, 0x00000000d5580000)
  object space 76800K, 22% used [0x0000000080000000,0x000000008111a5b8,0x0000000084b00000)
 Metaspace       used 56702K, capacity 58946K, committed 59028K, reserved 1099776K
  class space    used 7688K, capacity 8162K, committed 8192K, reserved 1048576K
Event: 5.510 GC heap after
Heap after GC invocations=11 (full 2):
 PSYoungGen      total 420864K, used 18928K [0x00000000d5580000, 0x00000000f8a80000, 0x0000000100000000)
  eden space 401920K, 0% used [0x00000000d5580000,0x00000000d5580000,0x00000000ede00000)
  from space 18944K, 99% used [0x00000000ede00000,0x00000000ef07c208,0x00000000ef080000)
  to   space 24064K, 0% used [0x00000000f7300000,0x00000000f7300000,0x00000000f8a80000)
 ParOldGen       total 76800K, used 22924K [0x0000000080000000, 0x0000000084b00000, 0x00000000d5580000)
  object space 76800K, 29% used [0x0000000080000000,0x0000000081663030,0x0000000084b00000)
 Metaspace       used 56702K, capacity 58946K, committed 59028K, reserved 1099776K
  class space    used 7688K, capacity 8162K, committed 8192K, reserved 1048576K
}
Event: 5.510 GC heap before
{Heap before GC invocations=12 (full 3):
 PSYoungGen      total 420864K, used 18928K [0x00000000d5580000, 0x00000000f8a80000, 0x0000000100000000)
  eden space 401920K, 0% used [0x00000000d5580000,0x00000000d5580000,0x00000000ede00000)
  from space 18944K, 99% used [0x00000000ede00000,0x00000000ef07c208,0x00000000ef080000)
  to   space 24064K, 0% used [0x00000000f7300000,0x00000000f7300000,0x00000000f8a80000)
 ParOldGen       total 76800K, used 22924K [0x0000000080000000, 0x0000000084b00000, 0x00000000d5580000)
  object space 76800K, 29% used [0x0000000080000000,0x0000000081663030,0x0000000084b00000)
 Metaspace       used 56702K, capacity 58946K, committed 59028K, reserved 1099776K
  class space    used 7688K, capacity 8162K, committed 8192K, reserved 1048576K
Event: 5.660 GC heap after
Heap after GC invocations=12 (full 3):
 PSYoungGen      total 420864K, used 0K [0x00000000d5580000, 0x00000000f8a80000, 0x0000000100000000)
  eden space 401920K, 0% used [0x00000000d5580000,0x00000000d5580000,0x00000000ede00000)
  from space 18944K, 0% used [0x00000000ede00000,0x00000000ede00000,0x00000000ef080000)
  to   space 24064K, 0% used [0x00000000f7300000,0x00000000f7300000,0x00000000f8a80000)
 ParOldGen       total 118272K, used 36548K [0x0000000080000000, 0x0000000087380000, 0x00000000d5580000)
  object space 118272K, 30% used [0x0000000080000000,0x00000000823b1298,0x0000000087380000)
 Metaspace       used 56668K, capacity 58832K, committed 59028K, reserved 1099776K
  class space    used 7677K, capacity 8143K, committed 8192K, reserved 1048576K
}
Event: 9.682 GC heap before
{Heap before GC invocations=13 (full 3):
 PSYoungGen      total 420864K, used 401920K [0x00000000d5580000, 0x00000000f8a80000, 0x0000000100000000)
  eden space 401920K, 100% used [0x00000000d5580000,0x00000000ede00000,0x00000000ede00000)
  from space 18944K, 0% used [0x00000000ede00000,0x00000000ede00000,0x00000000ef080000)
  to   space 24064K, 0% used [0x00000000f7300000,0x00000000f7300000,0x00000000f8a80000)
 ParOldGen       total 118272K, used 36548K [0x0000000080000000, 0x0000000087380000, 0x00000000d5580000)
  object space 118272K, 30% used [0x0000000080000000,0x00000000823b1298,0x0000000087380000)
 Metaspace       used 74618K, capacity 78402K, committed 78552K, reserved 1116160K
  class space    used 10193K, capacity 10882K, committed 11008K, reserved 1048576K
Event: 9.703 GC heap after
Heap after GC invocations=13 (full 3):
 PSYoungGen      total 514560K, used 24059K [0x00000000d5580000, 0x00000000f8a80000, 0x0000000100000000)
  eden space 490496K, 0% used [0x00000000d5580000,0x00000000d5580000,0x00000000f3480000)
  from space 24064K, 99% used [0x00000000f7300000,0x00000000f8a7ec68,0x00000000f8a80000)
  to   space 30720K, 0% used [0x00000000f4e80000,0x00000000f4e80000,0x00000000f6c80000)
 ParOldGen       total 118272K, used 45236K [0x0000000080000000, 0x0000000087380000, 0x00000000d5580000)
  object space 118272K, 38% used [0x0000000080000000,0x0000000082c2d198,0x0000000087380000)
 Metaspace       used 74618K, capacity 78402K, committed 78552K, reserved 1116160K
  class space    used 10193K, capacity 10882K, committed 11008K, reserved 1048576K
}
Event: 189.929 GC heap before
{Heap before GC invocations=14 (full 3):
 PSYoungGen      total 514560K, used 514555K [0x00000000d5580000, 0x00000000f8a80000, 0x0000000100000000)
  eden space 490496K, 100% used [0x00000000d5580000,0x00000000f3480000,0x00000000f3480000)
  from space 24064K, 99% used [0x00000000f7300000,0x00000000f8a7ec68,0x00000000f8a80000)
  to   space 30720K, 0% used [0x00000000f4e80000,0x00000000f4e80000,0x00000000f6c80000)
 ParOldGen       total 118272K, used 45236K [0x0000000080000000, 0x0000000087380000, 0x00000000d5580000)
  object space 118272K, 38% used [0x0000000080000000,0x0000000082c2d198,0x0000000087380000)
 Metaspace       used 84134K, capacity 88382K, committed 88536K, reserved 1126400K
  class space    used 11139K, capacity 11907K, committed 12032K, reserved 1048576K
Event: 189.957 GC heap after
Heap after GC invocations=14 (full 3):
 PSYoungGen      total 521216K, used 18109K [0x00000000d5580000, 0x00000000f8a80000, 0x0000000100000000)
  eden space 490496K, 0% used [0x00000000d5580000,0x00000000d5580000,0x00000000f3480000)
  from space 30720K, 58% used [0x00000000f4e80000,0x00000000f602f5a8,0x00000000f6c80000)
  to   space 24064K, 0% used [0x00000000f7300000,0x00000000f7300000,0x00000000f8a80000)
 ParOldGen       total 118272K, used 62879K [0x0000000080000000, 0x0000000087380000, 0x00000000d5580000)
  object space 118272K, 53% used [0x0000000080000000,0x0000000083d67c20,0x0000000087380000)
 Metaspace       used 84134K, capacity 88382K, committed 88536K, reserved 1126400K
  class space    used 11139K, capacity 11907K, committed 12032K, reserved 1048576K
}

