# JRE version: OpenJDK Runtime Environment (8.0_242-b01) (build 1.8.0_242-release-1644-b01)
# Java VM: OpenJDK 64-Bit Server VM (25.242-b01 mixed mode windows-amd64 compressed oops)
Heap:
 PSYoungGen      total 136192K, used 36893K [0x00000000d6200000, 0x00000000e0300000, 0x0000000100000000)
  eden space 131072K, 28% used [0x00000000d6200000,0x00000000d86075b8,0x00000000de200000)
  from space 5120K, 0% used [0x00000000de200000,0x00000000de200000,0x00000000de700000)
  to   space 15872K, 0% used [0x00000000df380000,0x00000000df380000,0x00000000e0300000)
 ParOldGen       total 115200K, used 19019K [0x0000000082600000, 0x0000000089680000, 0x00000000d6200000)
  object space 115200K, 16% used [0x0000000082600000,0x0000000083892f68,0x0000000089680000)
 Metaspace       used 36774K, capacity 37294K, committed 37544K, reserved 1081344K
  class space    used 4688K, capacity 4818K, committed 4912K, reserved 1048576K
GC Heap History (10 events):
Event: 0.906 GC heap before
{Heap before GC invocations=3 (full 0):
 PSYoungGen      total 70656K, used 25194K [0x00000000d6200000, 0x00000000dac00000, 0x0000000100000000)
  eden space 65536K, 30% used [0x00000000d6200000,0x00000000d759e9c0,0x00000000da200000)
  from space 5120K, 99% used [0x00000000da700000,0x00000000dabfc030,0x00000000dac00000)
  to   space 5120K, 0% used [0x00000000da200000,0x00000000da200000,0x00000000da700000)
 ParOldGen       total 86016K, used 7428K [0x0000000082600000, 0x0000000087a00000, 0x00000000d6200000)
  object space 86016K, 8% used [0x0000000082600000,0x0000000082d41210,0x0000000087a00000)
 Metaspace       used 20801K, capacity 21188K, committed 21296K, reserved 1069056K
  class space    used 2465K, capacity 2594K, committed 2608K, reserved 1048576K
Event: 0.911 GC heap after
Heap after GC invocations=3 (full 0):
 PSYoungGen      total 70656K, used 5088K [0x00000000d6200000, 0x00000000dec00000, 0x0000000100000000)
  eden space 65536K, 0% used [0x00000000d6200000,0x00000000d6200000,0x00000000da200000)
  from space 5120K, 99% used [0x00000000da200000,0x00000000da6f8030,0x00000000da700000)
  to   space 5120K, 0% used [0x00000000de700000,0x00000000de700000,0x00000000dec00000)
 ParOldGen       total 86016K, used 11662K [0x0000000082600000, 0x0000000087a00000, 0x00000000d6200000)
  object space 86016K, 13% used [0x0000000082600000,0x0000000083163b60,0x0000000087a00000)
 Metaspace       used 20801K, capacity 21188K, committed 21296K, reserved 1069056K
  class space    used 2465K, capacity 2594K, committed 2608K, reserved 1048576K
}
Event: 0.911 GC heap before
{Heap before GC invocations=4 (full 1):
 PSYoungGen      total 70656K, used 5088K [0x00000000d6200000, 0x00000000dec00000, 0x0000000100000000)
  eden space 65536K, 0% used [0x00000000d6200000,0x00000000d6200000,0x00000000da200000)
  from space 5120K, 99% used [0x00000000da200000,0x00000000da6f8030,0x00000000da700000)
  to   space 5120K, 0% used [0x00000000de700000,0x00000000de700000,0x00000000dec00000)
 ParOldGen       total 86016K, used 11662K [0x0000000082600000, 0x0000000087a00000, 0x00000000d6200000)
  object space 86016K, 13% used [0x0000000082600000,0x0000000083163b60,0x0000000087a00000)
 Metaspace       used 20801K, capacity 21188K, committed 21296K, reserved 1069056K
  class space    used 2465K, capacity 2594K, committed 2608K, reserved 1048576K
Event: 0.933 GC heap after
Heap after GC invocations=4 (full 1):
 PSYoungGen      total 70656K, used 0K [0x00000000d6200000, 0x00000000dec00000, 0x0000000100000000)
  eden space 65536K, 0% used [0x00000000d6200000,0x00000000d6200000,0x00000000da200000)
  from space 5120K, 0% used [0x00000000da200000,0x00000000da200000,0x00000000da700000)
  to   space 5120K, 0% used [0x00000000de700000,0x00000000de700000,0x00000000dec00000)
 ParOldGen       total 66560K, used 9172K [0x0000000082600000, 0x0000000086700000, 0x00000000d6200000)
  object space 66560K, 13% used [0x0000000082600000,0x0000000082ef5018,0x0000000086700000)
 Metaspace       used 20801K, capacity 21188K, committed 21296K, reserved 1069056K
  class space    used 2465K, capacity 2594K, committed 2608K, reserved 1048576K
}
Event: 1.495 GC heap before
{Heap before GC invocations=5 (full 1):
 PSYoungGen      total 70656K, used 65536K [0x00000000d6200000, 0x00000000dec00000, 0x0000000100000000)
  eden space 65536K, 100% used [0x00000000d6200000,0x00000000da200000,0x00000000da200000)
  from space 5120K, 0% used [0x00000000da200000,0x00000000da200000,0x00000000da700000)
  to   space 5120K, 0% used [0x00000000de700000,0x00000000de700000,0x00000000dec00000)
 ParOldGen       total 66560K, used 9172K [0x0000000082600000, 0x0000000086700000, 0x00000000d6200000)
  object space 66560K, 13% used [0x0000000082600000,0x0000000082ef5018,0x0000000086700000)
 Metaspace       used 29433K, capacity 29954K, committed 30128K, reserved 1075200K
  class space    used 3573K, capacity 3733K, committed 3760K, reserved 1048576K
Event: 1.504 GC heap after
Heap after GC invocations=5 (full 1):
 PSYoungGen      total 98304K, used 5091K [0x00000000d6200000, 0x00000000dec00000, 0x0000000100000000)
  eden space 93184K, 0% used [0x00000000d6200000,0x00000000d6200000,0x00000000dbd00000)
  from space 5120K, 99% used [0x00000000de700000,0x00000000debf8c80,0x00000000dec00000)
  to   space 5120K, 0% used [0x00000000de200000,0x00000000de200000,0x00000000de700000)
 ParOldGen       total 66560K, used 20025K [0x0000000082600000, 0x0000000086700000, 0x00000000d6200000)
  object space 66560K, 30% used [0x0000000082600000,0x000000008398e488,0x0000000086700000)
 Metaspace       used 29433K, capacity 29954K, committed 30128K, reserved 1075200K
  class space    used 3573K, capacity 3733K, committed 3760K, reserved 1048576K
}
Event: 1.813 GC heap before
{Heap before GC invocations=6 (full 1):
 PSYoungGen      total 98304K, used 33164K [0x00000000d6200000, 0x00000000dec00000, 0x0000000100000000)
  eden space 93184K, 30% used [0x00000000d6200000,0x00000000d7d6a4e0,0x00000000dbd00000)
  from space 5120K, 99% used [0x00000000de700000,0x00000000debf8c80,0x00000000dec00000)
  to   space 5120K, 0% used [0x00000000de200000,0x00000000de200000,0x00000000de700000)
 ParOldGen       total 66560K, used 20025K [0x0000000082600000, 0x0000000086700000, 0x00000000d6200000)
  object space 66560K, 30% used [0x0000000082600000,0x000000008398e488,0x0000000086700000)
 Metaspace       used 34910K, capacity 35395K, committed 35496K, reserved 1081344K
  class space    used 4500K, capacity 4655K, committed 4656K, reserved 1048576K
Event: 1.819 GC heap after
Heap after GC invocations=6 (full 1):
 PSYoungGen      total 136192K, used 5100K [0x00000000d6200000, 0x00000000e0300000, 0x0000000100000000)
  eden space 131072K, 0% used [0x00000000d6200000,0x00000000d6200000,0x00000000de200000)
  from space 5120K, 99% used [0x00000000de200000,0x00000000de6fb130,0x00000000de700000)
  to   space 15872K, 0% used [0x00000000df380000,0x00000000df380000,0x00000000e0300000)
 ParOldGen       total 66560K, used 26683K [0x0000000082600000, 0x0000000086700000, 0x00000000d6200000)
  object space 66560K, 40% used [0x0000000082600000,0x000000008400ee20,0x0000000086700000)
 Metaspace       used 34910K, capacity 35395K, committed 35496K, reserved 1081344K
  class space    used 4500K, capacity 4655K, committed 4656K, reserved 1048576K
}
Event: 1.819 GC heap before
{Heap before GC invocations=7 (full 2):
 PSYoungGen      total 136192K, used 5100K [0x00000000d6200000, 0x00000000e0300000, 0x0000000100000000)
  eden space 131072K, 0% used [0x00000000d6200000,0x00000000d6200000,0x00000000de200000)
  from space 5120K, 99% used [0x00000000de200000,0x00000000de6fb130,0x00000000de700000)
  to   space 15872K, 0% used [0x00000000df380000,0x00000000df380000,0x00000000e0300000)
 ParOldGen       total 66560K, used 26683K [0x0000000082600000, 0x0000000086700000, 0x00000000d6200000)
  object space 66560K, 40% used [0x0000000082600000,0x000000008400ee20,0x0000000086700000)
 Metaspace       used 34910K, capacity 35395K, committed 35496K, reserved 1081344K
  class space    used 4500K, capacity 4655K, committed 4656K, reserved 1048576K
Event: 1.858 GC heap after
Heap after GC invocations=7 (full 2):
 PSYoungGen      total 136192K, used 0K [0x00000000d6200000, 0x00000000e0300000, 0x0000000100000000)
  eden space 131072K, 0% used [0x00000000d6200000,0x00000000d6200000,0x00000000de200000)
  from space 5120K, 0% used [0x00000000de200000,0x00000000de200000,0x00000000de700000)
  to   space 15872K, 0% used [0x00000000df380000,0x00000000df380000,0x00000000e0300000)
 ParOldGen       total 115200K, used 19019K [0x0000000082600000, 0x0000000089680000, 0x00000000d6200000)
  object space 115200K, 16% used [0x0000000082600000,0x0000000083892f68,0x0000000089680000)
 Metaspace       used 34910K, capacity 35395K, committed 35496K, reserved 1081344K
  class space    used 4500K, capacity 4655K, committed 4656K, reserved 1048576K
}

