# JRE version: OpenJDK Runtime Environment (8.0_242-b01) (build 1.8.0_242-release-1644-b01)
# Java VM: OpenJDK 64-Bit Server VM (25.242-b01 mixed mode windows-amd64 compressed oops)
Heap:
 PSYoungGen      total 284160K, used 136937K [0x00000000d5580000, 0x00000000e8900000, 0x0000000100000000)
  eden space 264704K, 44% used [0x00000000d5580000,0x00000000dc8915e0,0x00000000e5800000)
  from space 19456K, 98% used [0x00000000e7600000,0x00000000e88a90c8,0x00000000e8900000)
  to   space 24064K, 0% used [0x00000000e5a00000,0x00000000e5a00000,0x00000000e7180000)
 ParOldGen       total 110592K, used 44281K [0x0000000080000000, 0x0000000086c00000, 0x00000000d5580000)
  object space 110592K, 40% used [0x0000000080000000,0x0000000082b3e5a0,0x0000000086c00000)
 Metaspace       used 79132K, capacity 82960K, committed 83160K, reserved 1122304K
  class space    used 10521K, capacity 11198K, committed 11264K, reserved 1048576K
GC Heap History (10 events):
Event: 9.403 GC heap before
{Heap before GC invocations=13 (full 2):
 PSYoungGen      total 176640K, used 176295K [0x00000000d5580000, 0x00000000e1c00000, 0x0000000100000000)
  eden space 168448K, 100% used [0x00000000d5580000,0x00000000dfa00000,0x00000000dfa00000)
  from space 8192K, 95% used [0x00000000e1400000,0x00000000e1ba9c18,0x00000000e1c00000)
  to   space 12800K, 0% used [0x00000000e0300000,0x00000000e0300000,0x00000000e0f80000)
 ParOldGen       total 73728K, used 18019K [0x0000000080000000, 0x0000000084800000, 0x00000000d5580000)
  object space 73728K, 24% used [0x0000000080000000,0x0000000081198ec0,0x0000000084800000)
 Metaspace       used 53278K, capacity 55406K, committed 55640K, reserved 1097728K
  class space    used 7091K, capacity 7539K, committed 7552K, reserved 1048576K
Event: 9.429 GC heap after
Heap after GC invocations=13 (full 2):
 PSYoungGen      total 190464K, used 12786K [0x00000000d5580000, 0x00000000e5100000, 0x0000000100000000)
  eden space 177664K, 0% used [0x00000000d5580000,0x00000000d5580000,0x00000000e0300000)
  from space 12800K, 99% used [0x00000000e0300000,0x00000000e0f7cb08,0x00000000e0f80000)
  to   space 18944K, 0% used [0x00000000e3e80000,0x00000000e3e80000,0x00000000e5100000)
 ParOldGen       total 73728K, used 30294K [0x0000000080000000, 0x0000000084800000, 0x00000000d5580000)
  object space 73728K, 41% used [0x0000000080000000,0x0000000081d95a58,0x0000000084800000)
 Metaspace       used 53278K, capacity 55406K, committed 55640K, reserved 1097728K
  class space    used 7091K, capacity 7539K, committed 7552K, reserved 1048576K
}
Event: 10.045 GC heap before
{Heap before GC invocations=14 (full 2):
 PSYoungGen      total 190464K, used 46695K [0x00000000d5580000, 0x00000000e5100000, 0x0000000100000000)
  eden space 177664K, 19% used [0x00000000d5580000,0x00000000d769d110,0x00000000e0300000)
  from space 12800K, 99% used [0x00000000e0300000,0x00000000e0f7cb08,0x00000000e0f80000)
  to   space 18944K, 0% used [0x00000000e3e80000,0x00000000e3e80000,0x00000000e5100000)
 ParOldGen       total 73728K, used 30294K [0x0000000080000000, 0x0000000084800000, 0x00000000d5580000)
  object space 73728K, 41% used [0x0000000080000000,0x0000000081d95a58,0x0000000084800000)
 Metaspace       used 56614K, capacity 58922K, committed 59028K, reserved 1099776K
  class space    used 7677K, capacity 8132K, committed 8192K, reserved 1048576K
Event: 10.065 GC heap after
Heap after GC invocations=14 (full 2):
 PSYoungGen      total 239104K, used 4324K [0x00000000d5580000, 0x00000000e5c80000, 0x0000000100000000)
  eden space 220160K, 0% used [0x00000000d5580000,0x00000000d5580000,0x00000000e2c80000)
  from space 18944K, 22% used [0x00000000e3e80000,0x00000000e42b9050,0x00000000e5100000)
  to   space 18432K, 0% used [0x00000000e2c80000,0x00000000e2c80000,0x00000000e3e80000)
 ParOldGen       total 73728K, used 40844K [0x0000000080000000, 0x0000000084800000, 0x00000000d5580000)
  object space 73728K, 55% used [0x0000000080000000,0x00000000827e3398,0x0000000084800000)
 Metaspace       used 56614K, capacity 58922K, committed 59028K, reserved 1099776K
  class space    used 7677K, capacity 8132K, committed 8192K, reserved 1048576K
}
Event: 10.065 GC heap before
{Heap before GC invocations=15 (full 3):
 PSYoungGen      total 239104K, used 4324K [0x00000000d5580000, 0x00000000e5c80000, 0x0000000100000000)
  eden space 220160K, 0% used [0x00000000d5580000,0x00000000d5580000,0x00000000e2c80000)
  from space 18944K, 22% used [0x00000000e3e80000,0x00000000e42b9050,0x00000000e5100000)
  to   space 18432K, 0% used [0x00000000e2c80000,0x00000000e2c80000,0x00000000e3e80000)
 ParOldGen       total 73728K, used 40844K [0x0000000080000000, 0x0000000084800000, 0x00000000d5580000)
  object space 73728K, 55% used [0x0000000080000000,0x00000000827e3398,0x0000000084800000)
 Metaspace       used 56614K, capacity 58922K, committed 59028K, reserved 1099776K
  class space    used 7677K, capacity 8132K, committed 8192K, reserved 1048576K
Event: 10.304 GC heap after
Heap after GC invocations=15 (full 3):
 PSYoungGen      total 239104K, used 0K [0x00000000d5580000, 0x00000000e5c80000, 0x0000000100000000)
  eden space 220160K, 0% used [0x00000000d5580000,0x00000000d5580000,0x00000000e2c80000)
  from space 18944K, 0% used [0x00000000e3e80000,0x00000000e3e80000,0x00000000e5100000)
  to   space 18432K, 0% used [0x00000000e2c80000,0x00000000e2c80000,0x00000000e3e80000)
 ParOldGen       total 110592K, used 31381K [0x0000000080000000, 0x0000000086c00000, 0x00000000d5580000)
  object space 110592K, 28% used [0x0000000080000000,0x0000000081ea5508,0x0000000086c00000)
 Metaspace       used 56577K, capacity 58796K, committed 59028K, reserved 1099776K
  class space    used 7665K, capacity 8111K, committed 8192K, reserved 1048576K
}
Event: 13.450 GC heap before
{Heap before GC invocations=16 (full 3):
 PSYoungGen      total 239104K, used 220160K [0x00000000d5580000, 0x00000000e5c80000, 0x0000000100000000)
  eden space 220160K, 100% used [0x00000000d5580000,0x00000000e2c80000,0x00000000e2c80000)
  from space 18944K, 0% used [0x00000000e3e80000,0x00000000e3e80000,0x00000000e5100000)
  to   space 18432K, 0% used [0x00000000e2c80000,0x00000000e2c80000,0x00000000e3e80000)
 ParOldGen       total 110592K, used 31381K [0x0000000080000000, 0x0000000086c00000, 0x00000000d5580000)
  object space 110592K, 28% used [0x0000000080000000,0x0000000081ea5508,0x0000000086c00000)
 Metaspace       used 66286K, capacity 69494K, committed 69592K, reserved 1110016K
  class space    used 9114K, capacity 9714K, committed 9728K, reserved 1048576K
Event: 13.479 GC heap after
Heap after GC invocations=16 (full 3):
 PSYoungGen      total 238592K, used 18401K [0x00000000d5580000, 0x00000000e8b80000, 0x0000000100000000)
  eden space 220160K, 0% used [0x00000000d5580000,0x00000000d5580000,0x00000000e2c80000)
  from space 18432K, 99% used [0x00000000e2c80000,0x00000000e3e78600,0x00000000e3e80000)
  to   space 22016K, 0% used [0x00000000e7600000,0x00000000e7600000,0x00000000e8b80000)
 ParOldGen       total 110592K, used 32439K [0x0000000080000000, 0x0000000086c00000, 0x00000000d5580000)
  object space 110592K, 29% used [0x0000000080000000,0x0000000081faddc8,0x0000000086c00000)
 Metaspace       used 66286K, capacity 69494K, committed 69592K, reserved 1110016K
  class space    used 9114K, capacity 9714K, committed 9728K, reserved 1048576K
}
Event: 609.992 GC heap before
{Heap before GC invocations=17 (full 3):
 PSYoungGen      total 238592K, used 238561K [0x00000000d5580000, 0x00000000e8b80000, 0x0000000100000000)
  eden space 220160K, 100% used [0x00000000d5580000,0x00000000e2c80000,0x00000000e2c80000)
  from space 18432K, 99% used [0x00000000e2c80000,0x00000000e3e78600,0x00000000e3e80000)
  to   space 22016K, 0% used [0x00000000e7600000,0x00000000e7600000,0x00000000e8b80000)
 ParOldGen       total 110592K, used 32439K [0x0000000080000000, 0x0000000086c00000, 0x00000000d5580000)
  object space 110592K, 29% used [0x0000000080000000,0x0000000081faddc8,0x0000000086c00000)
 Metaspace       used 78416K, capacity 82148K, committed 82392K, reserved 1120256K
  class space    used 10503K, capacity 11178K, committed 11264K, reserved 1048576K
Event: 610.039 GC heap after
Heap after GC invocations=17 (full 3):
 PSYoungGen      total 284160K, used 19108K [0x00000000d5580000, 0x00000000e8900000, 0x0000000100000000)
  eden space 264704K, 0% used [0x00000000d5580000,0x00000000d5580000,0x00000000e5800000)
  from space 19456K, 98% used [0x00000000e7600000,0x00000000e88a90c8,0x00000000e8900000)
  to   space 24064K, 0% used [0x00000000e5a00000,0x00000000e5a00000,0x00000000e7180000)
 ParOldGen       total 110592K, used 44281K [0x0000000080000000, 0x0000000086c00000, 0x00000000d5580000)
  object space 110592K, 40% used [0x0000000080000000,0x0000000082b3e5a0,0x0000000086c00000)
 Metaspace       used 78416K, capacity 82148K, committed 82392K, reserved 1120256K
  class space    used 10503K, capacity 11178K, committed 11264K, reserved 1048576K
}

