# JRE version: OpenJDK Runtime Environment (8.0_242-b01) (build 1.8.0_242-release-1644-b01)
# Java VM: OpenJDK 64-Bit Server VM (25.242-b01 mixed mode windows-amd64 compressed oops)
Heap:
 PSYoungGen      total 136192K, used 32037K [0x00000000d6200000, 0x00000000e0500000, 0x0000000100000000)
  eden space 131072K, 24% used [0x00000000d6200000,0x00000000d81494d0,0x00000000de200000)
  from space 5120K, 0% used [0x00000000de200000,0x00000000de200000,0x00000000de700000)
  to   space 15360K, 0% used [0x00000000df600000,0x00000000df600000,0x00000000e0500000)
 ParOldGen       total 110592K, used 18703K [0x0000000082600000, 0x0000000089200000, 0x00000000d6200000)
  object space 110592K, 16% used [0x0000000082600000,0x0000000083843e48,0x0000000089200000)
 Metaspace       used 36616K, capacity 37151K, committed 37376K, reserved 1081344K
  class space    used 4679K, capacity 4815K, committed 4864K, reserved 1048576K
GC Heap History (10 events):
Event: 1.475 GC heap before
{Heap before GC invocations=3 (full 0):
 PSYoungGen      total 70656K, used 23883K [0x00000000d6200000, 0x00000000dac00000, 0x0000000100000000)
  eden space 65536K, 28% used [0x00000000d6200000,0x00000000d7456cf8,0x00000000da200000)
  from space 5120K, 99% used [0x00000000da700000,0x00000000dabfc010,0x00000000dac00000)
  to   space 5120K, 0% used [0x00000000da200000,0x00000000da200000,0x00000000da700000)
 ParOldGen       total 86016K, used 7470K [0x0000000082600000, 0x0000000087a00000, 0x00000000d6200000)
  object space 86016K, 8% used [0x0000000082600000,0x0000000082d4b9a8,0x0000000087a00000)
 Metaspace       used 20720K, capacity 21122K, committed 21296K, reserved 1069056K
  class space    used 2459K, capacity 2593K, committed 2688K, reserved 1048576K
Event: 1.485 GC heap after
Heap after GC invocations=3 (full 0):
 PSYoungGen      total 70656K, used 5088K [0x00000000d6200000, 0x00000000dec00000, 0x0000000100000000)
  eden space 65536K, 0% used [0x00000000d6200000,0x00000000d6200000,0x00000000da200000)
  from space 5120K, 99% used [0x00000000da200000,0x00000000da6f8030,0x00000000da700000)
  to   space 5120K, 0% used [0x00000000de700000,0x00000000de700000,0x00000000dec00000)
 ParOldGen       total 86016K, used 11703K [0x0000000082600000, 0x0000000087a00000, 0x00000000d6200000)
  object space 86016K, 13% used [0x0000000082600000,0x000000008316dc80,0x0000000087a00000)
 Metaspace       used 20720K, capacity 21122K, committed 21296K, reserved 1069056K
  class space    used 2459K, capacity 2593K, committed 2688K, reserved 1048576K
}
Event: 1.485 GC heap before
{Heap before GC invocations=4 (full 1):
 PSYoungGen      total 70656K, used 5088K [0x00000000d6200000, 0x00000000dec00000, 0x0000000100000000)
  eden space 65536K, 0% used [0x00000000d6200000,0x00000000d6200000,0x00000000da200000)
  from space 5120K, 99% used [0x00000000da200000,0x00000000da6f8030,0x00000000da700000)
  to   space 5120K, 0% used [0x00000000de700000,0x00000000de700000,0x00000000dec00000)
 ParOldGen       total 86016K, used 11703K [0x0000000082600000, 0x0000000087a00000, 0x00000000d6200000)
  object space 86016K, 13% used [0x0000000082600000,0x000000008316dc80,0x0000000087a00000)
 Metaspace       used 20720K, capacity 21122K, committed 21296K, reserved 1069056K
  class space    used 2459K, capacity 2593K, committed 2688K, reserved 1048576K
Event: 1.519 GC heap after
Heap after GC invocations=4 (full 1):
 PSYoungGen      total 70656K, used 0K [0x00000000d6200000, 0x00000000dec00000, 0x0000000100000000)
  eden space 65536K, 0% used [0x00000000d6200000,0x00000000d6200000,0x00000000da200000)
  from space 5120K, 0% used [0x00000000da200000,0x00000000da200000,0x00000000da700000)
  to   space 5120K, 0% used [0x00000000de700000,0x00000000de700000,0x00000000dec00000)
 ParOldGen       total 65536K, used 9147K [0x0000000082600000, 0x0000000086600000, 0x00000000d6200000)
  object space 65536K, 13% used [0x0000000082600000,0x0000000082eeefa8,0x0000000086600000)
 Metaspace       used 20720K, capacity 21122K, committed 21296K, reserved 1069056K
  class space    used 2459K, capacity 2593K, committed 2688K, reserved 1048576K
}
Event: 2.568 GC heap before
{Heap before GC invocations=5 (full 1):
 PSYoungGen      total 70656K, used 65536K [0x00000000d6200000, 0x00000000dec00000, 0x0000000100000000)
  eden space 65536K, 100% used [0x00000000d6200000,0x00000000da200000,0x00000000da200000)
  from space 5120K, 0% used [0x00000000da200000,0x00000000da200000,0x00000000da700000)
  to   space 5120K, 0% used [0x00000000de700000,0x00000000de700000,0x00000000dec00000)
 ParOldGen       total 65536K, used 9147K [0x0000000082600000, 0x0000000086600000, 0x00000000d6200000)
  object space 65536K, 13% used [0x0000000082600000,0x0000000082eeefa8,0x0000000086600000)
 Metaspace       used 29783K, capacity 30272K, committed 30592K, reserved 1075200K
  class space    used 3706K, capacity 3860K, committed 3968K, reserved 1048576K
Event: 2.581 GC heap after
Heap after GC invocations=5 (full 1):
 PSYoungGen      total 99840K, used 5091K [0x00000000d6200000, 0x00000000dec00000, 0x0000000100000000)
  eden space 94720K, 0% used [0x00000000d6200000,0x00000000d6200000,0x00000000dbe80000)
  from space 5120K, 99% used [0x00000000de700000,0x00000000debf8c70,0x00000000dec00000)
  to   space 5120K, 0% used [0x00000000de200000,0x00000000de200000,0x00000000de700000)
 ParOldGen       total 65536K, used 20331K [0x0000000082600000, 0x0000000086600000, 0x00000000d6200000)
  object space 65536K, 31% used [0x0000000082600000,0x00000000839dadc8,0x0000000086600000)
 Metaspace       used 29783K, capacity 30272K, committed 30592K, reserved 1075200K
  class space    used 3706K, capacity 3860K, committed 3968K, reserved 1048576K
}
Event: 3.026 GC heap before
{Heap before GC invocations=6 (full 1):
 PSYoungGen      total 99840K, used 29880K [0x00000000d6200000, 0x00000000dec00000, 0x0000000100000000)
  eden space 94720K, 26% used [0x00000000d6200000,0x00000000d7a355c8,0x00000000dbe80000)
  from space 5120K, 99% used [0x00000000de700000,0x00000000debf8c70,0x00000000dec00000)
  to   space 5120K, 0% used [0x00000000de200000,0x00000000de200000,0x00000000de700000)
 ParOldGen       total 65536K, used 20331K [0x0000000082600000, 0x0000000086600000, 0x00000000d6200000)
  object space 65536K, 31% used [0x0000000082600000,0x00000000839dadc8,0x0000000086600000)
 Metaspace       used 34706K, capacity 35226K, committed 35456K, reserved 1079296K
  class space    used 4482K, capacity 4621K, committed 4736K, reserved 1048576K
Event: 3.034 GC heap after
Heap after GC invocations=6 (full 1):
 PSYoungGen      total 136192K, used 5100K [0x00000000d6200000, 0x00000000e0500000, 0x0000000100000000)
  eden space 131072K, 0% used [0x00000000d6200000,0x00000000d6200000,0x00000000de200000)
  from space 5120K, 99% used [0x00000000de200000,0x00000000de6fb130,0x00000000de700000)
  to   space 15360K, 0% used [0x00000000df600000,0x00000000df600000,0x00000000e0500000)
 ParOldGen       total 65536K, used 26545K [0x0000000082600000, 0x0000000086600000, 0x00000000d6200000)
  object space 65536K, 40% used [0x0000000082600000,0x0000000083fec500,0x0000000086600000)
 Metaspace       used 34706K, capacity 35226K, committed 35456K, reserved 1079296K
  class space    used 4482K, capacity 4621K, committed 4736K, reserved 1048576K
}
Event: 3.034 GC heap before
{Heap before GC invocations=7 (full 2):
 PSYoungGen      total 136192K, used 5100K [0x00000000d6200000, 0x00000000e0500000, 0x0000000100000000)
  eden space 131072K, 0% used [0x00000000d6200000,0x00000000d6200000,0x00000000de200000)
  from space 5120K, 99% used [0x00000000de200000,0x00000000de6fb130,0x00000000de700000)
  to   space 15360K, 0% used [0x00000000df600000,0x00000000df600000,0x00000000e0500000)
 ParOldGen       total 65536K, used 26545K [0x0000000082600000, 0x0000000086600000, 0x00000000d6200000)
  object space 65536K, 40% used [0x0000000082600000,0x0000000083fec500,0x0000000086600000)
 Metaspace       used 34706K, capacity 35226K, committed 35456K, reserved 1079296K
  class space    used 4482K, capacity 4621K, committed 4736K, reserved 1048576K
Event: 3.081 GC heap after
Heap after GC invocations=7 (full 2):
 PSYoungGen      total 136192K, used 0K [0x00000000d6200000, 0x00000000e0500000, 0x0000000100000000)
  eden space 131072K, 0% used [0x00000000d6200000,0x00000000d6200000,0x00000000de200000)
  from space 5120K, 0% used [0x00000000de200000,0x00000000de200000,0x00000000de700000)
  to   space 15360K, 0% used [0x00000000df600000,0x00000000df600000,0x00000000e0500000)
 ParOldGen       total 110592K, used 18703K [0x0000000082600000, 0x0000000089200000, 0x00000000d6200000)
  object space 110592K, 16% used [0x0000000082600000,0x0000000083843e48,0x0000000089200000)
 Metaspace       used 34706K, capacity 35226K, committed 35456K, reserved 1079296K
  class space    used 4482K, capacity 4621K, committed 4736K, reserved 1048576K
}

