# JRE version: OpenJDK Runtime Environment (8.0_242-b01) (build 1.8.0_242-release-1644-b01)
# Java VM: OpenJDK 64-Bit Server VM (25.242-b01 mixed mode windows-amd64 compressed oops)
Heap:
 PSYoungGen      total 243712K, used 216004K [0x00000000d5580000, 0x00000000e8600000, 0x0000000100000000)
  eden space 218624K, 87% used [0x00000000d5580000,0x00000000e0ff6290,0x00000000e2b00000)
  from space 25088K, 99% used [0x00000000e2b00000,0x00000000e437b060,0x00000000e4380000)
  to   space 32256K, 0% used [0x00000000e6680000,0x00000000e6680000,0x00000000e8600000)
 ParOldGen       total 125952K, used 42642K [0x0000000080000000, 0x0000000087b00000, 0x00000000d5580000)
  object space 125952K, 33% used [0x0000000080000000,0x00000000829a4b80,0x0000000087b00000)
 Metaspace       used 84872K, capacity 89098K, committed 89368K, reserved 1126400K
  class space    used 11217K, capacity 11953K, committed 12080K, reserved 1048576K
GC Heap History (10 events):
Event: 8.573 GC heap before
{Heap before GC invocations=14 (full 2):
 PSYoungGen      total 178176K, used 60995K [0x00000000d5580000, 0x00000000e3300000, 0x0000000100000000)
  eden space 165376K, 29% used [0x00000000d5580000,0x00000000d8495b10,0x00000000df700000)
  from space 12800K, 99% used [0x00000000df700000,0x00000000e037b330,0x00000000e0380000)
  to   space 18432K, 0% used [0x00000000e2100000,0x00000000e2100000,0x00000000e3300000)
 ParOldGen       total 82432K, used 28415K [0x0000000080000000, 0x0000000085080000, 0x00000000d5580000)
  object space 82432K, 34% used [0x0000000080000000,0x0000000081bbfeb8,0x0000000085080000)
 Metaspace       used 56744K, capacity 59040K, committed 59160K, reserved 1099776K
  class space    used 7694K, capacity 8167K, committed 8240K, reserved 1048576K
Event: 8.589 GC heap after
Heap after GC invocations=14 (full 2):
 PSYoungGen      total 207360K, used 14817K [0x00000000d5580000, 0x00000000e4000000, 0x0000000100000000)
  eden space 188928K, 0% used [0x00000000d5580000,0x00000000d5580000,0x00000000e0e00000)
  from space 18432K, 80% used [0x00000000e2100000,0x00000000e2f78450,0x00000000e3300000)
  to   space 19456K, 0% used [0x00000000e0e00000,0x00000000e0e00000,0x00000000e2100000)
 ParOldGen       total 82432K, used 32401K [0x0000000080000000, 0x0000000085080000, 0x00000000d5580000)
  object space 82432K, 39% used [0x0000000080000000,0x0000000081fa47c8,0x0000000085080000)
 Metaspace       used 56744K, capacity 59040K, committed 59160K, reserved 1099776K
  class space    used 7694K, capacity 8167K, committed 8240K, reserved 1048576K
}
Event: 8.589 GC heap before
{Heap before GC invocations=15 (full 3):
 PSYoungGen      total 207360K, used 14817K [0x00000000d5580000, 0x00000000e4000000, 0x0000000100000000)
  eden space 188928K, 0% used [0x00000000d5580000,0x00000000d5580000,0x00000000e0e00000)
  from space 18432K, 80% used [0x00000000e2100000,0x00000000e2f78450,0x00000000e3300000)
  to   space 19456K, 0% used [0x00000000e0e00000,0x00000000e0e00000,0x00000000e2100000)
 ParOldGen       total 82432K, used 32401K [0x0000000080000000, 0x0000000085080000, 0x00000000d5580000)
  object space 82432K, 39% used [0x0000000080000000,0x0000000081fa47c8,0x0000000085080000)
 Metaspace       used 56744K, capacity 59040K, committed 59160K, reserved 1099776K
  class space    used 7694K, capacity 8167K, committed 8240K, reserved 1048576K
Event: 8.801 GC heap after
Heap after GC invocations=15 (full 3):
 PSYoungGen      total 207360K, used 0K [0x00000000d5580000, 0x00000000e4000000, 0x0000000100000000)
  eden space 188928K, 0% used [0x00000000d5580000,0x00000000d5580000,0x00000000e0e00000)
  from space 18432K, 0% used [0x00000000e2100000,0x00000000e2100000,0x00000000e3300000)
  to   space 19456K, 0% used [0x00000000e0e00000,0x00000000e0e00000,0x00000000e2100000)
 ParOldGen       total 125952K, used 32373K [0x0000000080000000, 0x0000000087b00000, 0x00000000d5580000)
  object space 125952K, 25% used [0x0000000080000000,0x0000000081f9d7b0,0x0000000087b00000)
 Metaspace       used 56701K, capacity 58896K, committed 59160K, reserved 1099776K
  class space    used 7681K, capacity 8143K, committed 8240K, reserved 1048576K
}
Event: 11.087 GC heap before
{Heap before GC invocations=16 (full 3):
 PSYoungGen      total 207360K, used 188928K [0x00000000d5580000, 0x00000000e4000000, 0x0000000100000000)
  eden space 188928K, 100% used [0x00000000d5580000,0x00000000e0e00000,0x00000000e0e00000)
  from space 18432K, 0% used [0x00000000e2100000,0x00000000e2100000,0x00000000e3300000)
  to   space 19456K, 0% used [0x00000000e0e00000,0x00000000e0e00000,0x00000000e2100000)
 ParOldGen       total 125952K, used 32373K [0x0000000080000000, 0x0000000087b00000, 0x00000000d5580000)
  object space 125952K, 25% used [0x0000000080000000,0x0000000081f9d7b0,0x0000000087b00000)
 Metaspace       used 66133K, capacity 69494K, committed 69656K, reserved 1110016K
  class space    used 9123K, capacity 9738K, committed 9776K, reserved 1048576K
Event: 11.105 GC heap after
Heap after GC invocations=16 (full 3):
 PSYoungGen      total 208384K, used 17227K [0x00000000d5580000, 0x00000000e5880000, 0x0000000100000000)
  eden space 188928K, 0% used [0x00000000d5580000,0x00000000d5580000,0x00000000e0e00000)
  from space 19456K, 88% used [0x00000000e0e00000,0x00000000e1ed2df0,0x00000000e2100000)
  to   space 21504K, 0% used [0x00000000e4380000,0x00000000e4380000,0x00000000e5880000)
 ParOldGen       total 125952K, used 32381K [0x0000000080000000, 0x0000000087b00000, 0x00000000d5580000)
  object space 125952K, 25% used [0x0000000080000000,0x0000000081f9f7b0,0x0000000087b00000)
 Metaspace       used 66133K, capacity 69494K, committed 69656K, reserved 1110016K
  class space    used 9123K, capacity 9738K, committed 9776K, reserved 1048576K
}
Event: 13.205 GC heap before
{Heap before GC invocations=17 (full 3):
 PSYoungGen      total 208384K, used 206155K [0x00000000d5580000, 0x00000000e5880000, 0x0000000100000000)
  eden space 188928K, 100% used [0x00000000d5580000,0x00000000e0e00000,0x00000000e0e00000)
  from space 19456K, 88% used [0x00000000e0e00000,0x00000000e1ed2df0,0x00000000e2100000)
  to   space 21504K, 0% used [0x00000000e4380000,0x00000000e4380000,0x00000000e5880000)
 ParOldGen       total 125952K, used 32381K [0x0000000080000000, 0x0000000087b00000, 0x00000000d5580000)
  object space 125952K, 25% used [0x0000000080000000,0x0000000081f9f7b0,0x0000000087b00000)
 Metaspace       used 73799K, capacity 77318K, committed 77592K, reserved 1116160K
  class space    used 10105K, capacity 10752K, committed 10800K, reserved 1048576K
Event: 13.225 GC heap after
Heap after GC invocations=17 (full 3):
 PSYoungGen      total 240128K, used 21474K [0x00000000d5580000, 0x00000000e5c80000, 0x0000000100000000)
  eden space 218624K, 0% used [0x00000000d5580000,0x00000000d5580000,0x00000000e2b00000)
  from space 21504K, 99% used [0x00000000e4380000,0x00000000e5878b18,0x00000000e5880000)
  to   space 25088K, 0% used [0x00000000e2b00000,0x00000000e2b00000,0x00000000e4380000)
 ParOldGen       total 125952K, used 34100K [0x0000000080000000, 0x0000000087b00000, 0x00000000d5580000)
  object space 125952K, 27% used [0x0000000080000000,0x000000008214d3e8,0x0000000087b00000)
 Metaspace       used 73799K, capacity 77318K, committed 77592K, reserved 1116160K
  class space    used 10105K, capacity 10752K, committed 10800K, reserved 1048576K
}
Event: 74.775 GC heap before
{Heap before GC invocations=18 (full 3):
 PSYoungGen      total 240128K, used 240098K [0x00000000d5580000, 0x00000000e5c80000, 0x0000000100000000)
  eden space 218624K, 100% used [0x00000000d5580000,0x00000000e2b00000,0x00000000e2b00000)
  from space 21504K, 99% used [0x00000000e4380000,0x00000000e5878b18,0x00000000e5880000)
  to   space 25088K, 0% used [0x00000000e2b00000,0x00000000e2b00000,0x00000000e4380000)
 ParOldGen       total 125952K, used 34100K [0x0000000080000000, 0x0000000087b00000, 0x00000000d5580000)
  object space 125952K, 27% used [0x0000000080000000,0x000000008214d3e8,0x0000000087b00000)
 Metaspace       used 83147K, capacity 87166K, committed 87320K, reserved 1124352K
  class space    used 11062K, capacity 11799K, committed 11824K, reserved 1048576K
Event: 74.812 GC heap after
Heap after GC invocations=18 (full 3):
 PSYoungGen      total 243712K, used 25068K [0x00000000d5580000, 0x00000000e8600000, 0x0000000100000000)
  eden space 218624K, 0% used [0x00000000d5580000,0x00000000d5580000,0x00000000e2b00000)
  from space 25088K, 99% used [0x00000000e2b00000,0x00000000e437b060,0x00000000e4380000)
  to   space 32256K, 0% used [0x00000000e6680000,0x00000000e6680000,0x00000000e8600000)
 ParOldGen       total 125952K, used 42642K [0x0000000080000000, 0x0000000087b00000, 0x00000000d5580000)
  object space 125952K, 33% used [0x0000000080000000,0x00000000829a4b80,0x0000000087b00000)
 Metaspace       used 83147K, capacity 87166K, committed 87320K, reserved 1124352K
  class space    used 11062K, capacity 11799K, committed 11824K, reserved 1048576K
}

